#
# There is insufficient memory for the Java Runtime Environment to continue.
# Native memory allocation (malloc) failed to allocate 954496 bytes for Chunk::new
# Possible reasons:
#   The system is out of physical RAM or swap space
#   The process is running with CompressedOops enabled, and the Java Heap may be blocking the growth of the native heap
# Possible solutions:
#   Reduce memory load on the system
#   Increase physical memory or swap space
#   Check if swap backing store is full
#   Decrease Java heap size (-Xmx/-Xms)
#   Decrease number of Java threads
#   Decrease Java thread stack sizes (-Xss)
#   Set larger code cache with -XX:ReservedCodeCacheSize=
#   JVM is running with Unscaled Compressed Oops mode in which the Java heap is
#     placed in the first 4GB address space. The Java Heap base address is the
#     maximum limit for the native heap growth. Please use -XX:HeapBaseMinAddress
#     to set the Java Heap base and to place the Java Heap above 4GB virtual address.
# This output file may be truncated or incomplete.
#
#  Out of Memory Error (arena.cpp:189), pid=3640, tid=9108
#
# JRE version: OpenJDK Runtime Environment (17.0.6) (build 17.0.6+0-b2043.56-10027231)
# Java VM: OpenJDK 64-Bit Server VM (17.0.6+0-b2043.56-10027231, mixed mode, tiered, compressed oops, compressed class ptrs, g1 gc, windows-amd64)
# No core dump will be written. Minidumps are not enabled by default on client versions of Windows
#

---------------  S U M M A R Y ------------

Command Line: org.jetbrains.kotlin.cli.jvm.K2JVMCompiler @D:\SEMESTER 7\Advance Native Mobile Programming\StudentProject\app\build\20240919_6750949655354247803.compiler.options

Host: AMD Ryzen 3 5300U with Radeon Graphics         , 8 cores, 5G,  Windows 11 , 64 bit Build 22621 (10.0.22621.3958)
Time: Thu Sep 19 15:00:13 2024 SE Asia Standard Time elapsed time: 30.718461 seconds (0d 0h 0m 30s)

---------------  T H R E A D  ---------------

Current thread (0x000001543841d8b0):  JavaThread "C2 CompilerThread0" daemon [_thread_in_native, id=9108, stack(0x0000002bfff00000,0x0000002c00000000)]


Current CompileTask:
C2:  30718 7880       4       org.jetbrains.kotlin.ir.util.IrFakeOverrideUtilsKt::collectAndFilterRealOverrides$collectRealOverrides (157 bytes)

Stack: [0x0000002bfff00000,0x0000002c00000000]
Native frames: (J=compiled Java code, j=interpreted, Vv=VM code, C=native code)
V  [jvm.dll+0x683c9a]
V  [jvm.dll+0x8427a4]
V  [jvm.dll+0x843f9e]
V  [jvm.dll+0x844603]
V  [jvm.dll+0x249b75]
V  [jvm.dll+0xabcac]
V  [jvm.dll+0xac27c]
V  [jvm.dll+0x2b0eef]
V  [jvm.dll+0x58a267]
V  [jvm.dll+0x2243b2]
V  [jvm.dll+0x22478f]
V  [jvm.dll+0x21e055]
V  [jvm.dll+0x21b51b]
V  [jvm.dll+0x1a4fdd]
V  [jvm.dll+0x22b098]
V  [jvm.dll+0x229159]
V  [jvm.dll+0x7f81ec]
V  [jvm.dll+0x7f274a]
V  [jvm.dll+0x682ad5]
C  [ucrtbase.dll+0x29333]
C  [KERNEL32.DLL+0x1257d]
C  [ntdll.dll+0x5af28]


---------------  P R O C E S S  ---------------

Threads class SMR info:
_java_thread_list=0x0000015438c763f0, length=14, elements={
0x000001541ef4efe0, 0x000001543798e270, 0x000001543798f0e0, 0x00000154379a6f70,
0x00000154379a7830, 0x000001543841c400, 0x000001543841ccc0, 0x000001543841d8b0,
0x000001543841e350, 0x0000015438421a90, 0x0000015438587c40, 0x00000154385a05b0,
0x000001543aab8430, 0x0000015438c77050
}

Java Threads: ( => current thread )
  0x000001541ef4efe0 JavaThread "main" [_thread_in_Java, id=9712, stack(0x0000002bff200000,0x0000002bff300000)]
  0x000001543798e270 JavaThread "Reference Handler" daemon [_thread_blocked, id=24532, stack(0x0000002bff900000,0x0000002bffa00000)]
  0x000001543798f0e0 JavaThread "Finalizer" daemon [_thread_blocked, id=19660, stack(0x0000002bffa00000,0x0000002bffb00000)]
  0x00000154379a6f70 JavaThread "Signal Dispatcher" daemon [_thread_blocked, id=14992, stack(0x0000002bffb00000,0x0000002bffc00000)]
  0x00000154379a7830 JavaThread "Attach Listener" daemon [_thread_blocked, id=5052, stack(0x0000002bffc00000,0x0000002bffd00000)]
  0x000001543841c400 JavaThread "Service Thread" daemon [_thread_blocked, id=5076, stack(0x0000002bffd00000,0x0000002bffe00000)]
  0x000001543841ccc0 JavaThread "Monitor Deflation Thread" daemon [_thread_blocked, id=21860, stack(0x0000002bffe00000,0x0000002bfff00000)]
=>0x000001543841d8b0 JavaThread "C2 CompilerThread0" daemon [_thread_in_native, id=9108, stack(0x0000002bfff00000,0x0000002c00000000)]
  0x000001543841e350 JavaThread "C1 CompilerThread0" daemon [_thread_in_vm, id=11536, stack(0x0000002b80000000,0x0000002b80100000)]
  0x0000015438421a90 JavaThread "Sweeper thread" daemon [_thread_blocked, id=3804, stack(0x0000002b80100000,0x0000002b80200000)]
  0x0000015438587c40 JavaThread "Notification Thread" daemon [_thread_blocked, id=4444, stack(0x0000002b80200000,0x0000002b80300000)]
  0x00000154385a05b0 JavaThread "Common-Cleaner" daemon [_thread_blocked, id=20660, stack(0x0000002b80400000,0x0000002b80500000)]
  0x000001543aab8430 JavaThread "C2 CompilerThread1" daemon [_thread_in_native, id=4276, stack(0x0000002b80d00000,0x0000002b80e00000)]
  0x0000015438c77050 JavaThread "C2 CompilerThread2" daemon [_thread_in_native, id=25580, stack(0x0000002b80e00000,0x0000002b80f00000)]

Other Threads:
  0x0000015437966920 VMThread "VM Thread" [stack: 0x0000002bff800000,0x0000002bff900000] [id=5224]
  0x000001541efbab90 WatcherThread [stack: 0x0000002b80300000,0x0000002b80400000] [id=15100]
  0x000001541ef9bf20 GCTaskThread "GC Thread#0" [stack: 0x0000002bff300000,0x0000002bff400000] [id=19544]
  0x0000015438a09100 GCTaskThread "GC Thread#1" [stack: 0x0000002b80500000,0x0000002b80600000] [id=6112]
  0x0000015438a383d0 GCTaskThread "GC Thread#2" [stack: 0x0000002b80600000,0x0000002b80700000] [id=13804]
  0x0000015438a34010 GCTaskThread "GC Thread#3" [stack: 0x0000002b80700000,0x0000002b80800000] [id=20888]
  0x0000015438aa0330 GCTaskThread "GC Thread#4" [stack: 0x0000002b80800000,0x0000002b80900000] [id=15336]
  0x0000015438fafbc0 GCTaskThread "GC Thread#5" [stack: 0x0000002b80900000,0x0000002b80a00000] [id=7536]
  0x0000015438fb0930 GCTaskThread "GC Thread#6" [stack: 0x0000002b80a00000,0x0000002b80b00000] [id=19672]
  0x0000015438fb03d0 GCTaskThread "GC Thread#7" [stack: 0x0000002b80b00000,0x0000002b80c00000] [id=24376]
  0x000001541efa9a30 ConcurrentGCThread "G1 Main Marker" [stack: 0x0000002bff400000,0x0000002bff500000] [id=21748]
  0x000001541efaabe0 ConcurrentGCThread "G1 Conc#0" [stack: 0x0000002bff500000,0x0000002bff600000] [id=13592]
  0x0000015438faf3b0 ConcurrentGCThread "G1 Conc#1" [stack: 0x0000002b80c00000,0x0000002b80d00000] [id=19756]
  0x000001541f00e680 ConcurrentGCThread "G1 Refine#0" [stack: 0x0000002bff600000,0x0000002bff700000] [id=17612]
  0x00000154377c2200 ConcurrentGCThread "G1 Service" [stack: 0x0000002bff700000,0x0000002bff800000] [id=24996]

Threads with active compile tasks:
C2 CompilerThread0    30754 7880       4       org.jetbrains.kotlin.ir.util.IrFakeOverrideUtilsKt::collectAndFilterRealOverrides$collectRealOverrides (157 bytes)
C1 CompilerThread0    30754 8117       3       org.jetbrains.kotlin.backend.jvm.lower.FakeInliningLocalVariablesLowering::visitFunction (92 bytes)
C2 CompilerThread1    30754 7935       4       org.jetbrains.kotlin.load.kotlin.TypeSignatureMappingKt::mapBuiltInType (339 bytes)
C2 CompilerThread2    30754 8023       4       org.jetbrains.kotlin.backend.jvm.MfvcNodeKt::needsMfvcFlattening (147 bytes)

VM state: not at safepoint (normal execution)

VM Mutex/Monitor currently owned by a thread: None

Heap address: 0x00000000a2200000, size: 1502 MB, Compressed Oops mode: 32-bit

CDS archive(s) not mapped
Compressed class space mapped at: 0x0000000100000000-0x0000000140000000, reserved size: 1073741824
Narrow klass base: 0x0000000000000000, Narrow klass shift: 3, Narrow klass range: 0x140000000

GC Precious Log:
 CPUs: 8 total, 8 available
 Memory: 6005M
 Large Page Support: Disabled
 NUMA Support: Disabled
 Compressed Oops: Enabled (32-bit)
 Heap Region Size: 1M
 Heap Min Capacity: 8M
 Heap Initial Capacity: 94M
 Heap Max Capacity: 1502M
 Pre-touch: Disabled
 Parallel Workers: 8
 Concurrent Workers: 2
 Concurrent Refinement Workers: 8
 Periodic GC: Disabled

Heap:
 garbage-first heap   total 89088K, used 64512K [0x00000000a2200000, 0x0000000100000000)
  region size 1024K, 17 young (17408K), 3 survivors (3072K)
 Metaspace       used 70430K, committed 70656K, reserved 1114112K
  class space    used 8102K, committed 8192K, reserved 1048576K

Heap Regions: E=young(eden), S=young(survivor), O=old, HS=humongous(starts), HC=humongous(continues), CS=collection set, F=free, OA=open archive, CA=closed archive, TAMS=top-at-mark-start (previous, next)
|   0|0x00000000a2200000, 0x00000000a2300000, 0x00000000a2300000|100%|HS|  |TAMS 0x00000000a2300000, 0x00000000a2200000| Complete 
|   1|0x00000000a2300000, 0x00000000a2400000, 0x00000000a2400000|100%|HC|  |TAMS 0x00000000a2400000, 0x00000000a2300000| Complete 
|   2|0x00000000a2400000, 0x00000000a2500000, 0x00000000a2500000|100%|HC|  |TAMS 0x00000000a2500000, 0x00000000a2400000| Complete 
|   3|0x00000000a2500000, 0x00000000a2600000, 0x00000000a2600000|100%|HC|  |TAMS 0x00000000a2600000, 0x00000000a2500000| Complete 
|   4|0x00000000a2600000, 0x00000000a2700000, 0x00000000a2700000|100%| O|  |TAMS 0x00000000a2700000, 0x00000000a2600000| Untracked 
|   5|0x00000000a2700000, 0x00000000a2800000, 0x00000000a2800000|100%| O|  |TAMS 0x00000000a2800000, 0x00000000a2700000| Untracked 
|   6|0x00000000a2800000, 0x00000000a2900000, 0x00000000a2900000|100%| O|  |TAMS 0x00000000a2900000, 0x00000000a2800000| Untracked 
|   7|0x00000000a2900000, 0x00000000a2a00000, 0x00000000a2a00000|100%| O|  |TAMS 0x00000000a2a00000, 0x00000000a2900000| Untracked 
|   8|0x00000000a2a00000, 0x00000000a2b00000, 0x00000000a2b00000|100%| O|  |TAMS 0x00000000a2a00000, 0x00000000a2a00000| Untracked 
|   9|0x00000000a2b00000, 0x00000000a2c00000, 0x00000000a2c00000|100%| O|  |TAMS 0x00000000a2c00000, 0x00000000a2b00000| Untracked 
|  10|0x00000000a2c00000, 0x00000000a2d00000, 0x00000000a2d00000|100%| O|  |TAMS 0x00000000a2d00000, 0x00000000a2c00000| Untracked 
|  11|0x00000000a2d00000, 0x00000000a2e00000, 0x00000000a2e00000|100%| O|  |TAMS 0x00000000a2e00000, 0x00000000a2d00000| Untracked 
|  12|0x00000000a2e00000, 0x00000000a2f00000, 0x00000000a2f00000|100%| O|  |TAMS 0x00000000a2f00000, 0x00000000a2e00000| Untracked 
|  13|0x00000000a2f00000, 0x00000000a3000000, 0x00000000a3000000|100%| O|  |TAMS 0x00000000a3000000, 0x00000000a2f00000| Untracked 
|  14|0x00000000a3000000, 0x00000000a3100000, 0x00000000a3100000|100%| O|  |TAMS 0x00000000a3100000, 0x00000000a3000000| Untracked 
|  15|0x00000000a3100000, 0x00000000a3200000, 0x00000000a3200000|100%| O|  |TAMS 0x00000000a3200000, 0x00000000a3100000| Untracked 
|  16|0x00000000a3200000, 0x00000000a3300000, 0x00000000a3300000|100%| O|  |TAMS 0x00000000a3300000, 0x00000000a3200000| Untracked 
|  17|0x00000000a3300000, 0x00000000a3400000, 0x00000000a3400000|100%| O|  |TAMS 0x00000000a3400000, 0x00000000a3300000| Untracked 
|  18|0x00000000a3400000, 0x00000000a3500000, 0x00000000a3500000|100%| O|  |TAMS 0x00000000a3500000, 0x00000000a3400000| Untracked 
|  19|0x00000000a3500000, 0x00000000a3600000, 0x00000000a3600000|100%| O|  |TAMS 0x00000000a3600000, 0x00000000a3500000| Untracked 
|  20|0x00000000a3600000, 0x00000000a3700000, 0x00000000a3700000|100%| O|  |TAMS 0x00000000a3700000, 0x00000000a3600000| Untracked 
|  21|0x00000000a3700000, 0x00000000a3800000, 0x00000000a3800000|100%|HS|  |TAMS 0x00000000a3800000, 0x00000000a3700000| Complete 
|  22|0x00000000a3800000, 0x00000000a3900000, 0x00000000a3900000|100%|HC|  |TAMS 0x00000000a3900000, 0x00000000a3800000| Complete 
|  23|0x00000000a3900000, 0x00000000a3a00000, 0x00000000a3a00000|100%| O|  |TAMS 0x00000000a3a00000, 0x00000000a3900000| Untracked 
|  24|0x00000000a3a00000, 0x00000000a3b00000, 0x00000000a3b00000|100%| O|  |TAMS 0x00000000a3b00000, 0x00000000a3a00000| Untracked 
|  25|0x00000000a3b00000, 0x00000000a3c00000, 0x00000000a3c00000|100%| O|  |TAMS 0x00000000a3c00000, 0x00000000a3b00000| Untracked 
|  26|0x00000000a3c00000, 0x00000000a3d00000, 0x00000000a3d00000|100%| O|  |TAMS 0x00000000a3d00000, 0x00000000a3c00000| Untracked 
|  27|0x00000000a3d00000, 0x00000000a3e00000, 0x00000000a3e00000|100%| O|  |TAMS 0x00000000a3e00000, 0x00000000a3d00000| Untracked 
|  28|0x00000000a3e00000, 0x00000000a3f00000, 0x00000000a3f00000|100%| O|  |TAMS 0x00000000a3f00000, 0x00000000a3e00000| Untracked 
|  29|0x00000000a3f00000, 0x00000000a4000000, 0x00000000a4000000|100%| O|  |TAMS 0x00000000a4000000, 0x00000000a3f00000| Untracked 
|  30|0x00000000a4000000, 0x00000000a4100000, 0x00000000a4100000|100%| O|  |TAMS 0x00000000a4100000, 0x00000000a4000000| Untracked 
|  31|0x00000000a4100000, 0x00000000a4200000, 0x00000000a4200000|100%| O|  |TAMS 0x00000000a4200000, 0x00000000a4100000| Untracked 
|  32|0x00000000a4200000, 0x00000000a4300000, 0x00000000a4300000|100%| O|  |TAMS 0x00000000a4300000, 0x00000000a4200000| Untracked 
|  33|0x00000000a4300000, 0x00000000a4400000, 0x00000000a4400000|100%| O|  |TAMS 0x00000000a4400000, 0x00000000a4300000| Untracked 
|  34|0x00000000a4400000, 0x00000000a4500000, 0x00000000a4500000|100%| O|  |TAMS 0x00000000a4500000, 0x00000000a4400000| Untracked 
|  35|0x00000000a4500000, 0x00000000a4600000, 0x00000000a4600000|100%| O|  |TAMS 0x00000000a4600000, 0x00000000a4500000| Untracked 
|  36|0x00000000a4600000, 0x00000000a4700000, 0x00000000a4700000|100%| O|  |TAMS 0x00000000a4700000, 0x00000000a4600000| Untracked 
|  37|0x00000000a4700000, 0x00000000a4800000, 0x00000000a4800000|100%| O|  |TAMS 0x00000000a4800000, 0x00000000a4700000| Untracked 
|  38|0x00000000a4800000, 0x00000000a4900000, 0x00000000a4900000|100%| O|  |TAMS 0x00000000a4900000, 0x00000000a4800000| Untracked 
|  39|0x00000000a4900000, 0x00000000a4a00000, 0x00000000a4a00000|100%| O|  |TAMS 0x00000000a4a00000, 0x00000000a4900000| Untracked 
|  40|0x00000000a4a00000, 0x00000000a4b00000, 0x00000000a4b00000|100%| O|  |TAMS 0x00000000a4b00000, 0x00000000a4a00000| Untracked 
|  41|0x00000000a4b00000, 0x00000000a4c00000, 0x00000000a4c00000|100%| O|  |TAMS 0x00000000a4c00000, 0x00000000a4b00000| Untracked 
|  42|0x00000000a4c00000, 0x00000000a4d00000, 0x00000000a4d00000|100%| O|  |TAMS 0x00000000a4d00000, 0x00000000a4c00000| Untracked 
|  43|0x00000000a4d00000, 0x00000000a4e00000, 0x00000000a4e00000|100%| O|  |TAMS 0x00000000a4e00000, 0x00000000a4d00000| Untracked 
|  44|0x00000000a4e00000, 0x00000000a4f00000, 0x00000000a4f00000|100%| O|  |TAMS 0x00000000a4f00000, 0x00000000a4e00000| Untracked 
|  45|0x00000000a4f00000, 0x00000000a5000000, 0x00000000a5000000|100%| O|  |TAMS 0x00000000a5000000, 0x00000000a4f00000| Complete 
|  46|0x00000000a5000000, 0x00000000a5100000, 0x00000000a5100000|100%| O|  |TAMS 0x00000000a502c000, 0x00000000a5000000| Untracked 
|  47|0x00000000a5100000, 0x00000000a5100000, 0x00000000a5200000|  0%| F|  |TAMS 0x00000000a5100000, 0x00000000a5100000| Untracked 
|  48|0x00000000a5200000, 0x00000000a5200000, 0x00000000a5300000|  0%| F|  |TAMS 0x00000000a5200000, 0x00000000a5200000| Untracked 
|  49|0x00000000a5300000, 0x00000000a5300000, 0x00000000a5400000|  0%| F|  |TAMS 0x00000000a5300000, 0x00000000a5300000| Untracked 
|  50|0x00000000a5400000, 0x00000000a5400000, 0x00000000a5500000|  0%| F|  |TAMS 0x00000000a5400000, 0x00000000a5400000| Untracked 
|  51|0x00000000a5500000, 0x00000000a5500000, 0x00000000a5600000|  0%| F|  |TAMS 0x00000000a5500000, 0x00000000a5500000| Untracked 
|  52|0x00000000a5600000, 0x00000000a5600000, 0x00000000a5700000|  0%| F|  |TAMS 0x00000000a5600000, 0x00000000a5600000| Untracked 
|  53|0x00000000a5700000, 0x00000000a5700000, 0x00000000a5800000|  0%| F|  |TAMS 0x00000000a5700000, 0x00000000a5700000| Untracked 
|  54|0x00000000a5800000, 0x00000000a5800000, 0x00000000a5900000|  0%| F|  |TAMS 0x00000000a5800000, 0x00000000a5800000| Untracked 
|  55|0x00000000a5900000, 0x00000000a5900000, 0x00000000a5a00000|  0%| F|  |TAMS 0x00000000a5900000, 0x00000000a5900000| Untracked 
|  56|0x00000000a5a00000, 0x00000000a5a00000, 0x00000000a5b00000|  0%| F|  |TAMS 0x00000000a5a00000, 0x00000000a5a00000| Untracked 
|  57|0x00000000a5b00000, 0x00000000a5c00000, 0x00000000a5c00000|100%| S|CS|TAMS 0x00000000a5b00000, 0x00000000a5b00000| Complete 
|  58|0x00000000a5c00000, 0x00000000a5d00000, 0x00000000a5d00000|100%| S|CS|TAMS 0x00000000a5c00000, 0x00000000a5c00000| Complete 
|  59|0x00000000a5d00000, 0x00000000a5e00000, 0x00000000a5e00000|100%| S|CS|TAMS 0x00000000a5d00000, 0x00000000a5d00000| Complete 
|  60|0x00000000a5e00000, 0x00000000a5e00000, 0x00000000a5f00000|  0%| F|  |TAMS 0x00000000a5e00000, 0x00000000a5e00000| Untracked 
|  61|0x00000000a5f00000, 0x00000000a5f00000, 0x00000000a6000000|  0%| F|  |TAMS 0x00000000a5f00000, 0x00000000a5f00000| Untracked 
|  62|0x00000000a6000000, 0x00000000a6000000, 0x00000000a6100000|  0%| F|  |TAMS 0x00000000a6000000, 0x00000000a6000000| Untracked 
|  63|0x00000000a6100000, 0x00000000a6100000, 0x00000000a6200000|  0%| F|  |TAMS 0x00000000a6100000, 0x00000000a6100000| Untracked 
|  64|0x00000000a6200000, 0x00000000a6200000, 0x00000000a6300000|  0%| F|  |TAMS 0x00000000a6200000, 0x00000000a6200000| Untracked 
|  65|0x00000000a6300000, 0x00000000a6300000, 0x00000000a6400000|  0%| F|  |TAMS 0x00000000a6300000, 0x00000000a6300000| Untracked 
|  66|0x00000000a6400000, 0x00000000a6400000, 0x00000000a6500000|  0%| F|  |TAMS 0x00000000a6400000, 0x00000000a6400000| Untracked 
|  67|0x00000000a6500000, 0x00000000a6500000, 0x00000000a6600000|  0%| F|  |TAMS 0x00000000a6500000, 0x00000000a6500000| Untracked 
|  68|0x00000000a6600000, 0x00000000a6600000, 0x00000000a6700000|  0%| F|  |TAMS 0x00000000a6600000, 0x00000000a6600000| Untracked 
|  69|0x00000000a6700000, 0x00000000a6700000, 0x00000000a6800000|  0%| F|  |TAMS 0x00000000a6700000, 0x00000000a6700000| Untracked 
|  70|0x00000000a6800000, 0x00000000a6800000, 0x00000000a6900000|  0%| F|  |TAMS 0x00000000a6800000, 0x00000000a6800000| Untracked 
|  71|0x00000000a6900000, 0x00000000a6900000, 0x00000000a6a00000|  0%| F|  |TAMS 0x00000000a6900000, 0x00000000a6900000| Untracked 
|  72|0x00000000a6a00000, 0x00000000a6a00000, 0x00000000a6b00000|  0%| F|  |TAMS 0x00000000a6a00000, 0x00000000a6a00000| Untracked 
|  73|0x00000000a6b00000, 0x00000000a6b4d038, 0x00000000a6c00000| 30%| E|  |TAMS 0x00000000a6b00000, 0x00000000a6b00000| Complete 
|  74|0x00000000a6c00000, 0x00000000a6d00000, 0x00000000a6d00000|100%| E|CS|TAMS 0x00000000a6c00000, 0x00000000a6c00000| Complete 
|  75|0x00000000a6d00000, 0x00000000a6e00000, 0x00000000a6e00000|100%| E|CS|TAMS 0x00000000a6d00000, 0x00000000a6d00000| Complete 
|  76|0x00000000a6e00000, 0x00000000a6f00000, 0x00000000a6f00000|100%| E|CS|TAMS 0x00000000a6e00000, 0x00000000a6e00000| Complete 
|  77|0x00000000a6f00000, 0x00000000a7000000, 0x00000000a7000000|100%| E|CS|TAMS 0x00000000a6f00000, 0x00000000a6f00000| Complete 
|  78|0x00000000a7000000, 0x00000000a7100000, 0x00000000a7100000|100%| E|CS|TAMS 0x00000000a7000000, 0x00000000a7000000| Complete 
|  79|0x00000000a7100000, 0x00000000a7200000, 0x00000000a7200000|100%| E|CS|TAMS 0x00000000a7100000, 0x00000000a7100000| Complete 
|  80|0x00000000a7200000, 0x00000000a7300000, 0x00000000a7300000|100%| E|CS|TAMS 0x00000000a7200000, 0x00000000a7200000| Complete 
|  81|0x00000000a7300000, 0x00000000a7400000, 0x00000000a7400000|100%| E|CS|TAMS 0x00000000a7300000, 0x00000000a7300000| Complete 
|  82|0x00000000a7400000, 0x00000000a7500000, 0x00000000a7500000|100%| E|CS|TAMS 0x00000000a7400000, 0x00000000a7400000| Complete 
|  83|0x00000000a7500000, 0x00000000a7600000, 0x00000000a7600000|100%| E|CS|TAMS 0x00000000a7500000, 0x00000000a7500000| Complete 
|  84|0x00000000a7600000, 0x00000000a7700000, 0x00000000a7700000|100%| E|CS|TAMS 0x00000000a7600000, 0x00000000a7600000| Complete 
|  85|0x00000000a7700000, 0x00000000a7800000, 0x00000000a7800000|100%| E|CS|TAMS 0x00000000a7700000, 0x00000000a7700000| Complete 
|  93|0x00000000a7f00000, 0x00000000a8000000, 0x00000000a8000000|100%| E|CS|TAMS 0x00000000a7f00000, 0x00000000a7f00000| Complete 

Card table byte_map: [0x0000015431a30000,0x0000015431d20000] _byte_map_base: 0x000001543151f000

Marking Bits (Prev, Next): (CMBitMap*) 0x000001541ef9d540, (CMBitMap*) 0x000001541ef9d580
 Prev Bits: [0x0000015432010000, 0x0000015433788000)
 Next Bits: [0x0000015433790000, 0x0000015434f08000)

Polling page: 0x000001541e710000

Metaspace:

Usage:
  Non-class:     60.87 MB used.
      Class:      7.91 MB used.
       Both:     68.78 MB used.

Virtual space:
  Non-class space:       64.00 MB reserved,      61.00 MB ( 95%) committed,  8 nodes.
      Class space:        1.00 GB reserved,       8.00 MB ( <1%) committed,  1 nodes.
             Both:        1.06 GB reserved,      69.00 MB (  6%) committed. 

Chunk freelists:
   Non-Class:  2.17 MB
       Class:  3.94 MB
        Both:  6.11 MB

MaxMetaspaceSize: unlimited
CompressedClassSpaceSize: 1.00 GB
Initial GC threshold: 21.00 MB
Current GC threshold: 113.69 MB
CDS: off
MetaspaceReclaimPolicy: balanced
 - commit_granule_bytes: 65536.
 - commit_granule_words: 8192.
 - virtual_space_node_default_size: 1048576.
 - enlarge_chunks_in_place: 1.
 - new_chunks_are_fully_committed: 0.
 - uncommit_free_chunks: 1.
 - use_allocation_guard: 0.
 - handle_deallocations: 1.


Internal statistics:

num_allocs_failed_limit: 6.
num_arena_births: 240.
num_arena_deaths: 0.
num_vsnodes_births: 9.
num_vsnodes_deaths: 0.
num_space_committed: 1102.
num_space_uncommitted: 0.
num_chunks_returned_to_freelist: 6.
num_chunks_taken_from_freelist: 2351.
num_chunk_merges: 6.
num_chunk_splits: 2030.
num_chunks_enlarged: 1871.
num_purges: 0.
num_inconsistent_stats: 0.

CodeHeap 'non-profiled nmethods': size=120000Kb used=3465Kb max_used=3815Kb free=116534Kb
 bounds [0x0000015429ee0000, 0x000001542a2a0000, 0x0000015431410000]
CodeHeap 'profiled nmethods': size=120000Kb used=16708Kb max_used=17948Kb free=103291Kb
 bounds [0x0000015422410000, 0x00000154235a0000, 0x0000015429940000]
CodeHeap 'non-nmethods': size=5760Kb used=1367Kb max_used=1404Kb free=4392Kb
 bounds [0x0000015429940000, 0x0000015429bb0000, 0x0000015429ee0000]
 total_blobs=7570 nmethods=6871 adapters=609
 compilation: enabled
              stopped_count=0, restarted_count=0
 full_count=0

Compilation events (20 events):
Event: 30.710 Thread 0x000001543841e350 nmethod 8047 0x0000015422abd890 code [0x0000015422abda40, 0x0000015422abdd08]
Event: 30.710 Thread 0x000001543841e350 8048       3       org.jetbrains.kotlin.ir.expressions.impl.IrReturnImpl::setValue (12 bytes)
Event: 30.711 Thread 0x000001543841e350 nmethod 8048 0x00000154231d3e90 code [0x00000154231d40a0, 0x00000154231d4698]
Event: 30.711 Thread 0x000001543841e350 8051       3       org.jetbrains.kotlin.ir.visitors.IrElementTransformerVoid::visitConst (10 bytes)
Event: 30.711 Thread 0x000001543841e350 nmethod 8051 0x00000154233ca390 code [0x00000154233ca5c0, 0x00000154233cad88]
Event: 30.711 Thread 0x000001543841e350 8052       3       org.jetbrains.kotlin.ir.visitors.IrElementTransformerVoid::visitConst (13 bytes)
Event: 30.712 Thread 0x000001543841e350 nmethod 8052 0x00000154231d1b90 code [0x00000154231d1da0, 0x00000154231d2408]
Event: 30.712 Thread 0x000001543841e350 8053       3       org.jetbrains.kotlin.ir.visitors.IrElementVisitorVoid$DefaultImpls::visitMemberAccess (17 bytes)
Event: 30.712 Thread 0x000001543841e350 nmethod 8053 0x00000154233f1a10 code [0x00000154233f1c20, 0x00000154233f2268]
Event: 30.712 Thread 0x000001543841e350 8050       3       org.jetbrains.kotlin.ir.visitors.IrElementTransformerVoid::visitDelegatingConstructorCall (10 bytes)
Event: 30.713 Thread 0x000001543841e350 nmethod 8050 0x00000154233f0d90 code [0x00000154233f0fc0, 0x00000154233f1788]
Event: 30.713 Thread 0x000001543841e350 8054       3       org.jetbrains.kotlin.ir.visitors.IrElementVisitorVoid$DefaultImpls::visitFunctionAccess (17 bytes)
Event: 30.713 Thread 0x000001543841e350 nmethod 8054 0x0000015423041290 code [0x00000154230414a0, 0x0000015423041ae8]
Event: 30.713 Thread 0x000001543841e350 8055       3       org.jetbrains.kotlin.ir.util.DeepCopySymbolRemapper::getReferenced (19 bytes)
Event: 30.714 Thread 0x000001543841e350 nmethod 8055 0x0000015422816710 code [0x00000154228168c0, 0x0000015422816be8]
Event: 30.714 Thread 0x000001543841e350 8056       3       org.jetbrains.kotlin.backend.common.lower.DefaultArgumentFunctionFactory::findBaseFunctionWithDefaultArgumentsFor (28 bytes)
Event: 30.714 Thread 0x000001543841e350 nmethod 8056 0x0000015423040690 code [0x00000154230408e0, 0x0000015423040fd8]
Event: 30.714 Thread 0x000001543841e350 8059       3       org.jetbrains.kotlin.ir.util.DeclarationParentsVisitor::visitExpression (6 bytes)
Event: 30.715 Thread 0x000001543841e350 nmethod 8059 0x0000015423133e10 code [0x0000015423134040, 0x0000015423134708]
Event: 30.715 Thread 0x000001543841e350 8060       3       org.jetbrains.kotlin.ir.expressions.IrMemberAccessExpression::getValueArgument (19 bytes)

GC Heap History (20 events):
Event: 18.005 GC heap before
{Heap before GC invocations=17 (full 0):
 garbage-first heap   total 62464K, used 48313K [0x00000000a2200000, 0x0000000100000000)
  region size 1024K, 19 young (19456K), 3 survivors (3072K)
 Metaspace       used 51829K, committed 52032K, reserved 1097728K
  class space    used 6158K, committed 6272K, reserved 1048576K
}
Event: 18.013 GC heap after
{Heap after GC invocations=18 (full 0):
 garbage-first heap   total 62464K, used 34816K [0x00000000a2200000, 0x0000000100000000)
  region size 1024K, 3 young (3072K), 3 survivors (3072K)
 Metaspace       used 51829K, committed 52032K, reserved 1097728K
  class space    used 6158K, committed 6272K, reserved 1048576K
}
Event: 18.723 GC heap before
{Heap before GC invocations=19 (full 0):
 garbage-first heap   total 62464K, used 49152K [0x00000000a2200000, 0x0000000100000000)
  region size 1024K, 17 young (17408K), 3 survivors (3072K)
 Metaspace       used 51983K, committed 52160K, reserved 1097728K
  class space    used 6167K, committed 6272K, reserved 1048576K
}
Event: 18.734 GC heap after
{Heap after GC invocations=20 (full 0):
 garbage-first heap   total 62464K, used 37673K [0x00000000a2200000, 0x0000000100000000)
  region size 1024K, 3 young (3072K), 3 survivors (3072K)
 Metaspace       used 51983K, committed 52160K, reserved 1097728K
  class space    used 6167K, committed 6272K, reserved 1048576K
}
Event: 19.290 GC heap before
{Heap before GC invocations=20 (full 0):
 garbage-first heap   total 62464K, used 48937K [0x00000000a2200000, 0x0000000100000000)
  region size 1024K, 14 young (14336K), 3 survivors (3072K)
 Metaspace       used 52269K, committed 52480K, reserved 1097728K
  class space    used 6195K, committed 6272K, reserved 1048576K
}
Event: 19.296 GC heap after
{Heap after GC invocations=21 (full 0):
 garbage-first heap   total 75776K, used 39509K [0x00000000a2200000, 0x0000000100000000)
  region size 1024K, 2 young (2048K), 2 survivors (2048K)
 Metaspace       used 52269K, committed 52480K, reserved 1097728K
  class space    used 6195K, committed 6272K, reserved 1048576K
}
Event: 21.159 GC heap before
{Heap before GC invocations=22 (full 0):
 garbage-first heap   total 75776K, used 57941K [0x00000000a2200000, 0x0000000100000000)
  region size 1024K, 20 young (20480K), 2 survivors (2048K)
 Metaspace       used 55176K, committed 55424K, reserved 1105920K
  class space    used 6556K, committed 6656K, reserved 1048576K
}
Event: 21.164 GC heap after
{Heap after GC invocations=23 (full 0):
 garbage-first heap   total 75776K, used 41357K [0x00000000a2200000, 0x0000000100000000)
  region size 1024K, 2 young (2048K), 2 survivors (2048K)
 Metaspace       used 55176K, committed 55424K, reserved 1105920K
  class space    used 6556K, committed 6656K, reserved 1048576K
}
Event: 22.577 GC heap before
{Heap before GC invocations=23 (full 0):
 garbage-first heap   total 75776K, used 58765K [0x00000000a2200000, 0x0000000100000000)
  region size 1024K, 19 young (19456K), 2 survivors (2048K)
 Metaspace       used 58675K, committed 58880K, reserved 1105920K
  class space    used 6903K, committed 6976K, reserved 1048576K
}
Event: 22.582 GC heap after
{Heap after GC invocations=24 (full 0):
 garbage-first heap   total 75776K, used 42817K [0x00000000a2200000, 0x0000000100000000)
  region size 1024K, 3 young (3072K), 3 survivors (3072K)
 Metaspace       used 58675K, committed 58880K, reserved 1105920K
  class space    used 6903K, committed 6976K, reserved 1048576K
}
Event: 25.175 GC heap before
{Heap before GC invocations=25 (full 0):
 garbage-first heap   total 75776K, used 59201K [0x00000000a2200000, 0x0000000100000000)
  region size 1024K, 20 young (20480K), 3 survivors (3072K)
 Metaspace       used 61320K, committed 61568K, reserved 1105920K
  class space    used 7136K, committed 7232K, reserved 1048576K
}
Event: 25.182 GC heap after
{Heap after GC invocations=26 (full 0):
 garbage-first heap   total 75776K, used 44804K [0x00000000a2200000, 0x0000000100000000)
  region size 1024K, 2 young (2048K), 2 survivors (2048K)
 Metaspace       used 61320K, committed 61568K, reserved 1105920K
  class space    used 7136K, committed 7232K, reserved 1048576K
}
Event: 27.593 GC heap before
{Heap before GC invocations=26 (full 0):
 garbage-first heap   total 75776K, used 60164K [0x00000000a2200000, 0x0000000100000000)
  region size 1024K, 18 young (18432K), 2 survivors (2048K)
 Metaspace       used 64253K, committed 64512K, reserved 1114112K
  class space    used 7494K, committed 7616K, reserved 1048576K
}
Event: 27.600 GC heap after
{Heap after GC invocations=27 (full 0):
 garbage-first heap   total 75776K, used 46564K [0x00000000a2200000, 0x0000000100000000)
  region size 1024K, 2 young (2048K), 2 survivors (2048K)
 Metaspace       used 64253K, committed 64512K, reserved 1114112K
  class space    used 7494K, committed 7616K, reserved 1048576K
}
Event: 29.548 GC heap before
{Heap before GC invocations=28 (full 0):
 garbage-first heap   total 81920K, used 59876K [0x00000000a2200000, 0x0000000100000000)
  region size 1024K, 16 young (16384K), 2 survivors (2048K)
 Metaspace       used 67723K, committed 67904K, reserved 1114112K
  class space    used 7848K, committed 7936K, reserved 1048576K
}
Event: 29.553 GC heap after
{Heap after GC invocations=29 (full 0):
 garbage-first heap   total 81920K, used 47192K [0x00000000a2200000, 0x0000000100000000)
  region size 1024K, 1 young (1024K), 1 survivors (1024K)
 Metaspace       used 67723K, committed 67904K, reserved 1114112K
  class space    used 7848K, committed 7936K, reserved 1048576K
}
Event: 30.184 GC heap before
{Heap before GC invocations=29 (full 0):
 garbage-first heap   total 81920K, used 49240K [0x00000000a2200000, 0x0000000100000000)
  region size 1024K, 4 young (4096K), 1 survivors (1024K)
 Metaspace       used 68663K, committed 68864K, reserved 1114112K
  class space    used 7952K, committed 8064K, reserved 1048576K
}
Event: 30.188 GC heap after
{Heap after GC invocations=30 (full 0):
 garbage-first heap   total 81920K, used 46703K [0x00000000a2200000, 0x0000000100000000)
  region size 1024K, 1 young (1024K), 1 survivors (1024K)
 Metaspace       used 68663K, committed 68864K, reserved 1114112K
  class space    used 7952K, committed 8064K, reserved 1048576K
}
Event: 30.442 GC heap before
{Heap before GC invocations=30 (full 0):
 garbage-first heap   total 81920K, used 66159K [0x00000000a2200000, 0x0000000100000000)
  region size 1024K, 20 young (20480K), 1 survivors (1024K)
 Metaspace       used 69572K, committed 69760K, reserved 1114112K
  class space    used 8037K, committed 8128K, reserved 1048576K
}
Event: 30.451 GC heap after
{Heap after GC invocations=31 (full 0):
 garbage-first heap   total 81920K, used 51200K [0x00000000a2200000, 0x0000000100000000)
  region size 1024K, 3 young (3072K), 3 survivors (3072K)
 Metaspace       used 69572K, committed 69760K, reserved 1114112K
  class space    used 8037K, committed 8128K, reserved 1048576K
}

Dll operation events (2 events):
Event: 0.067 Loaded shared library E:\Android Studio\jbr\bin\java.dll
Event: 6.605 Loaded shared library E:\Android Studio\jbr\bin\verify.dll

Deoptimization events (20 events):
Event: 30.703 Thread 0x000001541ef4efe0 Uncommon trap: trap_request=0xffffffde fr.pc=0x000001542a123270 relative=0x0000000000000630
Event: 30.703 Thread 0x000001541ef4efe0 Uncommon trap: reason=class_check action=maybe_recompile pc=0x000001542a123270 method=java.lang.AbstractStringBuilder.append(Ljava/lang/CharSequence;)Ljava/lang/AbstractStringBuilder; @ 10 c2
Event: 30.703 Thread 0x000001541ef4efe0 DEOPT PACKING pc=0x000001542a123270 sp=0x0000002bff2fca60
Event: 30.703 Thread 0x000001541ef4efe0 DEOPT UNPACKING pc=0x00000154299969a3 sp=0x0000002bff2fca40 mode 2
Event: 30.703 Thread 0x000001541ef4efe0 Uncommon trap: trap_request=0xffffffde fr.pc=0x000001542a123270 relative=0x0000000000000630
Event: 30.703 Thread 0x000001541ef4efe0 Uncommon trap: reason=class_check action=maybe_recompile pc=0x000001542a123270 method=java.lang.AbstractStringBuilder.append(Ljava/lang/CharSequence;)Ljava/lang/AbstractStringBuilder; @ 10 c2
Event: 30.703 Thread 0x000001541ef4efe0 DEOPT PACKING pc=0x000001542a123270 sp=0x0000002bff2fca60
Event: 30.703 Thread 0x000001541ef4efe0 DEOPT UNPACKING pc=0x00000154299969a3 sp=0x0000002bff2fca40 mode 2
Event: 30.708 Thread 0x000001541ef4efe0 Uncommon trap: trap_request=0xffffffde fr.pc=0x000001542a123270 relative=0x0000000000000630
Event: 30.708 Thread 0x000001541ef4efe0 Uncommon trap: reason=class_check action=maybe_recompile pc=0x000001542a123270 method=java.lang.AbstractStringBuilder.append(Ljava/lang/CharSequence;)Ljava/lang/AbstractStringBuilder; @ 10 c2
Event: 30.708 Thread 0x000001541ef4efe0 DEOPT PACKING pc=0x000001542a123270 sp=0x0000002bff2fc880
Event: 30.708 Thread 0x000001541ef4efe0 DEOPT UNPACKING pc=0x00000154299969a3 sp=0x0000002bff2fc860 mode 2
Event: 30.708 Thread 0x000001541ef4efe0 Uncommon trap: trap_request=0xffffffde fr.pc=0x000001542a123270 relative=0x0000000000000630
Event: 30.708 Thread 0x000001541ef4efe0 Uncommon trap: reason=class_check action=maybe_recompile pc=0x000001542a123270 method=java.lang.AbstractStringBuilder.append(Ljava/lang/CharSequence;)Ljava/lang/AbstractStringBuilder; @ 10 c2
Event: 30.708 Thread 0x000001541ef4efe0 DEOPT PACKING pc=0x000001542a123270 sp=0x0000002bff2fc880
Event: 30.708 Thread 0x000001541ef4efe0 DEOPT UNPACKING pc=0x00000154299969a3 sp=0x0000002bff2fc860 mode 2
Event: 30.710 Thread 0x000001541ef4efe0 Uncommon trap: trap_request=0xffffff45 fr.pc=0x000001542a178a48 relative=0x0000000000000128
Event: 30.710 Thread 0x000001541ef4efe0 Uncommon trap: reason=unstable_if action=reinterpret pc=0x000001542a178a48 method=org.jetbrains.kotlin.backend.jvm.ir.IrInlineReferenceLocator.visitElement(Lorg/jetbrains/kotlin/ir/IrElement;Lorg/jetbrains/kotlin/ir/declarations/IrDeclaration;)V @ 22 c2
Event: 30.710 Thread 0x000001541ef4efe0 DEOPT PACKING pc=0x000001542a178a48 sp=0x0000002bff2fc160
Event: 30.710 Thread 0x000001541ef4efe0 DEOPT UNPACKING pc=0x00000154299969a3 sp=0x0000002bff2fc078 mode 2

Classes unloaded (0 events):
No events

Classes redefined (0 events):
No events

Internal exceptions (20 events):
Event: 15.328 Thread 0x000001541ef4efe0 Exception <a 'java/lang/NoSuchMethodError'{0x00000000a4fe42f8}: 'java.lang.Object java.lang.invoke.DirectMethodHandle$Holder.invokeSpecial(java.lang.Object, java.lang.Object, java.lang.Object, java.lang.Object, java.lang.Object, java.lang.Object, java.lang.Object, java.lang.Object, java.lang.Object)'> (0x00000000a4fe42f8) 
thrown [s\src\hotspot\share\interpreter\linkResolver.cpp, line 771]
Event: 15.329 Thread 0x000001541ef4efe0 Exception <a 'java/lang/NoSuchMethodError'{0x00000000a4fe9228}: 'java.lang.Object java.lang.invoke.Invokers$Holder.linkToTargetMethod(java.lang.Object, java.lang.Object, java.lang.Object, java.lang.Object, java.lang.Object, java.lang.Object, java.lang.Object, java.lang.Object)'> (0x00000000a4fe9228) 
thrown [s\src\hotspot\share\interpreter\linkResolver.cpp, line 771]
Event: 16.277 Thread 0x000001541ef4efe0 Exception <a 'java/lang/NoSuchMethodError'{0x00000000a5430cd8}: 'java.lang.Object java.lang.invoke.DirectMethodHandle$Holder.newInvokeSpecial(java.lang.Object, java.lang.Object, java.lang.Object, java.lang.Object, java.lang.Object, java.lang.Object)'> (0x00000000a5430cd8) 
thrown [s\src\hotspot\share\interpreter\linkResolver.cpp, line 771]
Event: 16.298 Thread 0x000001541ef4efe0 Implicit null exception at 0x000001542a0fc9bd to 0x000001542a0fd0a0
Event: 16.298 Thread 0x000001541ef4efe0 Implicit null exception at 0x000001542a0fd98f to 0x000001542a0fd9c0
Event: 16.304 Thread 0x000001541ef4efe0 Exception <a 'java/lang/NoSuchMethodError'{0x00000000a54db698}: 'java.lang.Object java.lang.invoke.DirectMethodHandle$Holder.invokeStaticInit(java.lang.Object, java.lang.Object, java.lang.Object)'> (0x00000000a54db698) 
thrown [s\src\hotspot\share\interpreter\linkResolver.cpp, line 771]
Event: 18.230 Thread 0x000001541ef4efe0 Implicit null exception at 0x0000015429f2f38e to 0x0000015429f2f5c8
Event: 18.230 Thread 0x000001541ef4efe0 Implicit null exception at 0x0000015429f3d60f to 0x0000015429f3d685
Event: 20.305 Thread 0x000001541ef4efe0 Implicit null exception at 0x0000015429ff16cc to 0x0000015429ff17a8
Event: 20.878 Thread 0x000001541ef4efe0 Implicit null exception at 0x000001542a1ae817 to 0x000001542a1aed4b
Event: 21.262 Thread 0x000001541ef4efe0 Exception <a 'java/lang/NoSuchMethodError'{0x00000000a6a4e418}: 'java.lang.Object java.lang.invoke.DirectMethodHandle$Holder.invokeInterface(java.lang.Object, java.lang.Object, java.lang.Object)'> (0x00000000a6a4e418) 
thrown [s\src\hotspot\share\interpreter\linkResolver.cpp, line 771]
Event: 21.262 Thread 0x000001541ef4efe0 Exception <a 'java/lang/IncompatibleClassChangeError'{0x00000000a6a52030}: Found class java.lang.Object, but interface was expected> (0x00000000a6a52030) 
thrown [s\src\hotspot\share\interpreter\linkResolver.cpp, line 838]
Event: 21.930 Thread 0x000001541ef4efe0 Implicit null exception at 0x0000015429f7650c to 0x0000015429f76760
Event: 22.039 Thread 0x000001541ef4efe0 Implicit null exception at 0x000001542a187459 to 0x000001542a18775c
Event: 24.223 Thread 0x000001541ef4efe0 Implicit null exception at 0x0000015429f571d8 to 0x0000015429f5726a
Event: 25.382 Thread 0x000001541ef4efe0 Exception <a 'java/lang/NoSuchMethodError'{0x00000000a68e9818}: 'java.lang.Object java.lang.invoke.Invokers$Holder.linkToTargetMethod(java.lang.Object, java.lang.Object, int, int, java.lang.Object, java.lang.Object, java.lang.Object, java.lang.Object, java.lang.Object)'> (0x00000000a68e9818) 
thrown [s\src\hotspot\share\interpreter\linkResolver.cpp, line 771]
Event: 30.555 Thread 0x000001541ef4efe0 Implicit null exception at 0x000001542a29462b to 0x000001542a295b50
Event: 30.557 Thread 0x000001541ef4efe0 Implicit null exception at 0x000001542a280d87 to 0x000001542a281024
Event: 30.558 Thread 0x000001541ef4efe0 Implicit null exception at 0x000001542a292443 to 0x000001542a2926b0
Event: 30.662 Thread 0x000001541ef4efe0 Implicit null exception at 0x0000015429ff7835 to 0x0000015429ff7a52

VM Operations (20 events):
Event: 30.339 Executing VM operation: ICBufferFull
Event: 30.339 Executing VM operation: ICBufferFull done
Event: 30.442 Executing VM operation: G1CollectForAllocation
Event: 30.451 Executing VM operation: G1CollectForAllocation done
Event: 30.496 Executing VM operation: G1Concurrent
Event: 30.506 Executing VM operation: G1Concurrent done
Event: 30.524 Executing VM operation: HandshakeAllThreads
Event: 30.524 Executing VM operation: HandshakeAllThreads done
Event: 30.524 Executing VM operation: G1Concurrent
Event: 30.524 Executing VM operation: G1Concurrent done
Event: 30.543 Executing VM operation: HandshakeAllThreads
Event: 30.543 Executing VM operation: HandshakeAllThreads done
Event: 30.558 Executing VM operation: HandshakeAllThreads
Event: 30.558 Executing VM operation: HandshakeAllThreads done
Event: 30.631 Executing VM operation: HandshakeAllThreads
Event: 30.631 Executing VM operation: HandshakeAllThreads done
Event: 30.632 Executing VM operation: HandshakeAllThreads
Event: 30.632 Executing VM operation: HandshakeAllThreads done
Event: 30.652 Executing VM operation: ICBufferFull
Event: 30.652 Executing VM operation: ICBufferFull done

Events (20 events):
Event: 30.571 Thread 0x0000015438421a90 flushing nmethod 0x0000015423386390
Event: 30.571 Thread 0x0000015438421a90 flushing nmethod 0x0000015423388110
Event: 30.571 Thread 0x0000015438421a90 flushing nmethod 0x0000015423392690
Event: 30.571 Thread 0x0000015438421a90 flushing nmethod 0x0000015423393190
Event: 30.571 Thread 0x0000015438421a90 flushing nmethod 0x0000015423395690
Event: 30.571 Thread 0x0000015438421a90 flushing nmethod 0x0000015423399810
Event: 30.571 Thread 0x0000015438421a90 flushing nmethod 0x000001542339a290
Event: 30.571 Thread 0x0000015438421a90 flushing nmethod 0x00000154233c9d90
Event: 30.571 Thread 0x0000015438421a90 flushing nmethod 0x00000154233e9690
Event: 30.571 Thread 0x0000015438421a90 flushing nmethod 0x00000154233ee910
Event: 30.571 Thread 0x0000015438421a90 flushing nmethod 0x00000154233f0610
Event: 30.571 Thread 0x0000015438421a90 flushing nmethod 0x00000154233f5410
Event: 30.572 Thread 0x0000015438421a90 flushing nmethod 0x000001542341db10
Event: 30.572 Thread 0x0000015438421a90 flushing nmethod 0x0000015423445510
Event: 30.572 Thread 0x0000015438421a90 flushing nmethod 0x0000015423446590
Event: 30.572 Thread 0x0000015438421a90 flushing nmethod 0x000001542344d010
Event: 30.572 Thread 0x0000015438421a90 flushing nmethod 0x0000015423450e90
Event: 30.572 Thread 0x0000015438421a90 flushing nmethod 0x0000015423465b10
Event: 30.572 Thread 0x0000015438421a90 flushing nmethod 0x0000015423475b10
Event: 30.572 Thread 0x0000015438421a90 flushing nmethod 0x0000015423560090


Dynamic libraries:
0x00007ff7ead30000 - 0x00007ff7ead3a000 	E:\Android Studio\jbr\bin\java.exe
0x00007ff9e4810000 - 0x00007ff9e4a27000 	C:\WINDOWS\SYSTEM32\ntdll.dll
0x00007ff9e39c0000 - 0x00007ff9e3a84000 	C:\WINDOWS\System32\KERNEL32.DLL
0x00007ff9e1d40000 - 0x00007ff9e20ed000 	C:\WINDOWS\System32\KERNELBASE.dll
0x00007ff9e20f0000 - 0x00007ff9e2201000 	C:\WINDOWS\System32\ucrtbase.dll
0x00007ff9d7ad0000 - 0x00007ff9d7aeb000 	E:\Android Studio\jbr\bin\VCRUNTIME140.dll
0x00007ff9bc9b0000 - 0x00007ff9bc9c7000 	E:\Android Studio\jbr\bin\jli.dll
0x00007ff9e2d40000 - 0x00007ff9e2eee000 	C:\WINDOWS\System32\USER32.dll
0x00007ff9c37f0000 - 0x00007ff9c3a83000 	C:\WINDOWS\WinSxS\amd64_microsoft.windows.common-controls_6595b64144ccf1df_6.0.22621.3672_none_2713b9d173822955\COMCTL32.dll
0x00007ff9e1b30000 - 0x00007ff9e1b56000 	C:\WINDOWS\System32\win32u.dll
0x00007ff9e2790000 - 0x00007ff9e2837000 	C:\WINDOWS\System32\msvcrt.dll
0x00007ff9e4070000 - 0x00007ff9e4099000 	C:\WINDOWS\System32\GDI32.dll
0x00007ff9e2420000 - 0x00007ff9e2539000 	C:\WINDOWS\System32\gdi32full.dll
0x00007ff9e1ca0000 - 0x00007ff9e1d3a000 	C:\WINDOWS\System32\msvcp_win.dll
0x00007ff9e2970000 - 0x00007ff9e29a1000 	C:\WINDOWS\System32\IMM32.DLL
0x00007ff9da7e0000 - 0x00007ff9da7ec000 	E:\Android Studio\jbr\bin\vcruntime140_1.dll
0x00007ff9c07a0000 - 0x00007ff9c082d000 	E:\Android Studio\jbr\bin\msvcp140.dll
0x00007ff953360000 - 0x00007ff953fce000 	E:\Android Studio\jbr\bin\server\jvm.dll
0x00007ff9e26d0000 - 0x00007ff9e2782000 	C:\WINDOWS\System32\ADVAPI32.dll
0x00007ff9e3fc0000 - 0x00007ff9e4069000 	C:\WINDOWS\System32\sechost.dll
0x00007ff9e23f0000 - 0x00007ff9e2418000 	C:\WINDOWS\System32\bcrypt.dll
0x00007ff9e2840000 - 0x00007ff9e2954000 	C:\WINDOWS\System32\RPCRT4.dll
0x00007ff966f00000 - 0x00007ff966f09000 	C:\WINDOWS\SYSTEM32\WSOCK32.dll
0x00007ff9d8630000 - 0x00007ff9d863a000 	C:\WINDOWS\SYSTEM32\VERSION.dll
0x00007ff9db9f0000 - 0x00007ff9dba24000 	C:\WINDOWS\SYSTEM32\WINMM.dll
0x00007ff9e38c0000 - 0x00007ff9e3931000 	C:\WINDOWS\System32\WS2_32.dll
0x00007ff9e0b80000 - 0x00007ff9e0b98000 	C:\WINDOWS\SYSTEM32\kernel.appcore.dll
0x00007ff9d78d0000 - 0x00007ff9d78da000 	E:\Android Studio\jbr\bin\jimage.dll
0x00007ff9df6e0000 - 0x00007ff9df912000 	C:\WINDOWS\SYSTEM32\DBGHELP.DLL
0x00007ff9e29b0000 - 0x00007ff9e2d3e000 	C:\WINDOWS\System32\combase.dll
0x00007ff9e2f00000 - 0x00007ff9e2fd7000 	C:\WINDOWS\System32\OLEAUT32.dll
0x00007ff9cbc20000 - 0x00007ff9cbc52000 	C:\WINDOWS\SYSTEM32\dbgcore.DLL
0x00007ff9e1b60000 - 0x00007ff9e1bdb000 	C:\WINDOWS\System32\bcryptPrimitives.dll
0x00007ff9cbf70000 - 0x00007ff9cbf95000 	E:\Android Studio\jbr\bin\java.dll
0x00007ff9d2360000 - 0x00007ff9d2378000 	E:\Android Studio\jbr\bin\zip.dll
0x00007ff9e2fe0000 - 0x00007ff9e3847000 	C:\WINDOWS\System32\SHELL32.dll
0x00007ff9dfab0000 - 0x00007ff9e03af000 	C:\WINDOWS\SYSTEM32\windows.storage.dll
0x00007ff9df970000 - 0x00007ff9dfaaf000 	C:\WINDOWS\SYSTEM32\wintypes.dll
0x00007ff9e25d0000 - 0x00007ff9e26c9000 	C:\WINDOWS\System32\SHCORE.dll
0x00007ff9e4770000 - 0x00007ff9e47ce000 	C:\WINDOWS\System32\shlwapi.dll
0x00007ff9e1a60000 - 0x00007ff9e1a87000 	C:\WINDOWS\SYSTEM32\profapi.dll
0x00007ff9ca7f0000 - 0x00007ff9ca809000 	E:\Android Studio\jbr\bin\net.dll
0x00007ff9dc3a0000 - 0x00007ff9dc4d6000 	C:\WINDOWS\SYSTEM32\WINHTTP.dll
0x00007ff9e0ff0000 - 0x00007ff9e1059000 	C:\WINDOWS\system32\mswsock.dll
0x00007ff9bdce0000 - 0x00007ff9bdcf6000 	E:\Android Studio\jbr\bin\nio.dll
0x00007ff9d78c0000 - 0x00007ff9d78d0000 	E:\Android Studio\jbr\bin\verify.dll

dbghelp: loaded successfully - version: 4.0.5 - missing functions: none
symbol engine: initialized successfully - sym options: 0x614 - pdb path: .;E:\Android Studio\jbr\bin;C:\WINDOWS\SYSTEM32;C:\WINDOWS\WinSxS\amd64_microsoft.windows.common-controls_6595b64144ccf1df_6.0.22621.3672_none_2713b9d173822955;E:\Android Studio\jbr\bin\server

VM Arguments:
java_command: org.jetbrains.kotlin.cli.jvm.K2JVMCompiler @D:\SEMESTER 7\Advance Native Mobile Programming\StudentProject\app\build\20240919_6750949655354247803.compiler.options
java_class_path (initial): C:\Users\LATANSA TAHSYA\.gradle\caches\modules-2\files-2.1\org.jetbrains.kotlin\kotlin-compiler-embeddable\1.9.0\2c8c3a7402becca891f12739b3e9fd2dc2adbd7a\kotlin-compiler-embeddable-1.9.0.jar;C:\Users\LATANSA TAHSYA\.gradle\caches\modules-2\files-2.1\org.jetbrains.kotlin\kotlin-stdlib\1.9.0\8ee15ef0c67dc83d874f412d84378d7f0eb50b63\kotlin-stdlib-1.9.0.jar;C:\Users\LATANSA TAHSYA\.gradle\caches\modules-2\files-2.1\org.jetbrains.kotlin\kotlin-script-runtime\1.9.0\4b3102cbbb7e1b58d9d1adf89563f00069ffa7d1\kotlin-script-runtime-1.9.0.jar;C:\Users\LATANSA TAHSYA\.gradle\caches\modules-2\files-2.1\org.jetbrains.kotlin\kotlin-reflect\1.6.10\1cbe9c92c12a94eea200d23c2bbaedaf3daf5132\kotlin-reflect-1.6.10.jar;C:\Users\LATANSA TAHSYA\.gradle\caches\modules-2\files-2.1\org.jetbrains.kotlin\kotlin-daemon-embeddable\1.9.0\186543f5e28cf8d9a0290fecc2cf34301c40a65c\kotlin-daemon-embeddable-1.9.0.jar;C:\Users\LATANSA TAHSYA\.gradle\caches\modules-2\files-2.1\org.jetbrains.intellij.deps\trove4j\1.0.20200330\3afb14d5f9ceb459d724e907a21145e8ff394f02\trove4j-1.0.20200330.jar;C:\Users\LATANSA TAHSYA\.gradle\caches\modules-2\files-2.1\org.jetbrains.kotlin\kotlin-stdlib-common\1.9.0\cd65c21cfd1eec4d44ef09f9f52b6d9f8a720636\kotlin-stdlib-common-1.9.0.jar;C:\Users\LATANSA TAHSYA\.gradle\caches\modules-2\files-2.1\org.jetbrains\annotations\13.0\919f0dfe192fb4e063e7dacadee7f8bb9a2672a9\annotations-13.0.jar
Launcher Type: SUN_STANDARD

[Global flags]
     intx CICompilerCount                          = 4                                         {product} {ergonomic}
     uint ConcGCThreads                            = 2                                         {product} {ergonomic}
     uint G1ConcRefinementThreads                  = 8                                         {product} {ergonomic}
   size_t G1HeapRegionSize                         = 1048576                                   {product} {ergonomic}
    uintx GCDrainStackTargetSize                   = 64                                        {product} {ergonomic}
   size_t InitialHeapSize                          = 98566144                                  {product} {ergonomic}
   size_t MarkStackSize                            = 4194304                                   {product} {ergonomic}
   size_t MaxHeapSize                              = 1574961152                                {product} {ergonomic}
   size_t MaxNewSize                               = 944766976                                 {product} {ergonomic}
   size_t MinHeapDeltaBytes                        = 1048576                                   {product} {ergonomic}
   size_t MinHeapSize                              = 8388608                                   {product} {ergonomic}
    uintx NonNMethodCodeHeapSize                   = 5839372                                {pd product} {ergonomic}
    uintx NonProfiledCodeHeapSize                  = 122909434                              {pd product} {ergonomic}
    uintx ProfiledCodeHeapSize                     = 122909434                              {pd product} {ergonomic}
    uintx ReservedCodeCacheSize                    = 251658240                              {pd product} {ergonomic}
     bool SegmentedCodeCache                       = true                                      {product} {ergonomic}
   size_t SoftMaxHeapSize                          = 1574961152                             {manageable} {ergonomic}
     bool UseCompressedClassPointers               = true                           {product lp64_product} {ergonomic}
     bool UseCompressedOops                        = true                           {product lp64_product} {ergonomic}
     bool UseG1GC                                  = true                                      {product} {ergonomic}
     bool UseLargePagesIndividualAllocation        = false                                  {pd product} {ergonomic}

Logging:
Log output configuration:
 #0: stdout all=warning uptime,level,tags
 #1: stderr all=off uptime,level,tags

Environment Variables:
PATH=C:\Program Files (x86)\Common Files\Intel\Shared Libraries\redist\intel64\compiler;C:\Program Files\Common Files\Oracle\Java\javapath;C:\Program Files (x86)\Common Files\Oracle\Java\javapath;C:\WINDOWS\system32;C:\WINDOWS;C:\WINDOWS\System32\Wbem;C:\WINDOWS\System32\WindowsPowerShell\v1.0\;C:\WINDOWS\System32\OpenSSH\;C:\Program Files\Microsoft SQL Server\130\Tools\Binn\;C:\Program Files\PuTTY\;C:\Program Files\dotnet\;C:\WINDOWS\system32;C:\WINDOWS;C:\WINDOWS\System32\Wbem;C:\WINDOWS\System32\WindowsPowerShell\v1.0\;C:\WINDOWS\System32\OpenSSH\;E:\NodeJS\;C:\xampp\php;C:\composer;C:\Program Files\Git\cmd;C:\Users\LATANSA TAHSYA\AppData\Local\Programs\Python\Python311\Scripts\;C:\Users\LATANSA TAHSYA\AppData\Local\Programs\Python\Python311\;C:\Program Files\MySQL\MySQL Shell 8.0\bin\;C:\Users\LATANSA TAHSYA\AppData\Local\Microsoft\WindowsApps;C:\Users\LATANSA TAHSYA\.dotnet\tools;E:\Microsoft VS Code\Microsoft VS Code\bin;C:\Program Files (x86)\Nmap;C:\Users\LATANSA TAHSYA\AppData\Roaming\npm;C:\Users\LATANSA TAHSYA\AppData\Roaming\Composer\vendor\bin
USERNAME=LATANSA TAHSYA
OS=Windows_NT
PROCESSOR_IDENTIFIER=AMD64 Family 23 Model 104 Stepping 1, AuthenticAMD
TMP=C:\Users\LATANS~1\AppData\Local\Temp
TEMP=C:\Users\LATANS~1\AppData\Local\Temp


JNI global refs:
JNI global refs: 13, weak refs: 12

JNI global refs memory usage: 843, weak refs: 841


---------------  S Y S T E M  ---------------

OS:
 Windows 11 , 64 bit Build 22621 (10.0.22621.3958)
OS uptime: 0 days 8:28 hours

CPU: total 8 (initial active 8) (8 cores per cpu, 2 threads per core) family 23 model 104 stepping 1 microcode 0x0, cx8, cmov, fxsr, ht, mmx, 3dnowpref, sse, sse2, sse3, ssse3, sse4a, sse4.1, sse4.2, popcnt, lzcnt, tsc, tscinvbit, avx, avx2, aes, clmul, bmi1, bmi2, adx, sha, fma, vzeroupper, clflush, clflushopt

Memory: 4k page, system-wide physical 6005M (898M free)
TotalPageFile size 23411M (AvailPageFile size 2M)
current process WorkingSet (physical memory assigned to process): 264M, peak: 264M
current process commit charge ("private bytes"): 300M, peak: 300M

vm_info: OpenJDK 64-Bit Server VM (17.0.6+0-b2043.56-10027231) for windows-amd64 JRE (17.0.6+0-b2043.56-10027231), built on Apr 28 2023 00:43:19 by "androidbuild" with MS VC++ 16.10 / 16.11 (VS2019)

END.
