#
# There is insufficient memory for the Java Runtime Environment to continue.
# Native memory allocation (malloc) failed to allocate 1949776 bytes for Chunk::new
# Possible reasons:
#   The system is out of physical RAM or swap space
#   The process is running with CompressedOops enabled, and the Java Heap may be blocking the growth of the native heap
# Possible solutions:
#   Reduce memory load on the system
#   Increase physical memory or swap space
#   Check if swap backing store is full
#   Decrease Java heap size (-Xmx/-Xms)
#   Decrease number of Java threads
#   Decrease Java thread stack sizes (-Xss)
#   Set larger code cache with -XX:ReservedCodeCacheSize=
#   JVM is running with Unscaled Compressed Oops mode in which the Java heap is
#     placed in the first 4GB address space. The Java Heap base address is the
#     maximum limit for the native heap growth. Please use -XX:HeapBaseMinAddress
#     to set the Java Heap base and to place the Java Heap above 4GB virtual address.
# This output file may be truncated or incomplete.
#
#  Out of Memory Error (arena.cpp:189), pid=12084, tid=23364
#
# JRE version: OpenJDK Runtime Environment (17.0.6) (build 17.0.6+0-b2043.56-10027231)
# Java VM: OpenJDK 64-Bit Server VM (17.0.6+0-b2043.56-10027231, mixed mode, tiered, compressed oops, compressed class ptrs, g1 gc, windows-amd64)
# No core dump will be written. Minidumps are not enabled by default on client versions of Windows
#

---------------  S U M M A R Y ------------

Command Line: org.jetbrains.kotlin.cli.jvm.K2JVMCompiler @D:\SEMESTER 7\Advance Native Mobile Programming\StudentProject\app\build\20240919_4486166734502404192.compiler.options

Host: AMD Ryzen 3 5300U with Radeon Graphics         , 8 cores, 5G,  Windows 11 , 64 bit Build 22621 (10.0.22621.3958)
Time: Thu Sep 19 15:03:12 2024 SE Asia Standard Time elapsed time: 11.748613 seconds (0d 0h 0m 11s)

---------------  T H R E A D  ---------------

Current thread (0x00000178ae7b1790):  JavaThread "C2 CompilerThread1" daemon [_thread_in_native, id=23364, stack(0x00000034d6900000,0x00000034d6a00000)]


Current CompileTask:
C2:  11748 3358       4       org.jetbrains.org.objectweb.asm.ClassReader::readMethod (1061 bytes)

Stack: [0x00000034d6900000,0x00000034d6a00000]
Native frames: (J=compiled Java code, j=interpreted, Vv=VM code, C=native code)
V  [jvm.dll+0x683c9a]
V  [jvm.dll+0x8427a4]
V  [jvm.dll+0x843f9e]
V  [jvm.dll+0x844603]
V  [jvm.dll+0x249b75]
V  [jvm.dll+0xabcac]
V  [jvm.dll+0xac27c]
V  [jvm.dll+0x368802]
V  [jvm.dll+0x332f31]
V  [jvm.dll+0x3323da]
V  [jvm.dll+0x21c201]
V  [jvm.dll+0x21b621]
V  [jvm.dll+0x1a4fdd]
V  [jvm.dll+0x22b098]
V  [jvm.dll+0x229159]
V  [jvm.dll+0x7f81ec]
V  [jvm.dll+0x7f274a]
V  [jvm.dll+0x682ad5]
C  [ucrtbase.dll+0x29333]
C  [KERNEL32.DLL+0x1257d]
C  [ntdll.dll+0x5af28]


---------------  P R O C E S S  ---------------

Threads class SMR info:
_java_thread_list=0x00000178af233e00, length=14, elements={
0x0000017892f90510, 0x00000178ab994ac0, 0x00000178ab996850, 0x00000178ab9c1300,
0x00000178ab9c1dc0, 0x00000178ab9c2680, 0x00000178ac424000, 0x00000178ac424ca0,
0x00000178ac428b50, 0x00000178ac429c60, 0x00000178ac586a70, 0x00000178ac597e80,
0x00000178ae7b1790, 0x00000178aee7c0b0
}

Java Threads: ( => current thread )
  0x0000017892f90510 JavaThread "main" [_thread_in_vm, id=21012, stack(0x00000034d4d00000,0x00000034d4e00000)]
  0x00000178ab994ac0 JavaThread "Reference Handler" daemon [_thread_blocked, id=17440, stack(0x00000034d5400000,0x00000034d5500000)]
  0x00000178ab996850 JavaThread "Finalizer" daemon [_thread_blocked, id=19444, stack(0x00000034d5500000,0x00000034d5600000)]
  0x00000178ab9c1300 JavaThread "Signal Dispatcher" daemon [_thread_blocked, id=22840, stack(0x00000034d5600000,0x00000034d5700000)]
  0x00000178ab9c1dc0 JavaThread "Attach Listener" daemon [_thread_blocked, id=22636, stack(0x00000034d5700000,0x00000034d5800000)]
  0x00000178ab9c2680 JavaThread "Service Thread" daemon [_thread_blocked, id=1544, stack(0x00000034d5800000,0x00000034d5900000)]
  0x00000178ac424000 JavaThread "Monitor Deflation Thread" daemon [_thread_blocked, id=9432, stack(0x00000034d5900000,0x00000034d5a00000)]
  0x00000178ac424ca0 JavaThread "C2 CompilerThread0" daemon [_thread_in_native, id=10652, stack(0x00000034d5a00000,0x00000034d5b00000)]
  0x00000178ac428b50 JavaThread "C1 CompilerThread0" daemon [_thread_blocked, id=19952, stack(0x00000034d5b00000,0x00000034d5c00000)]
  0x00000178ac429c60 JavaThread "Sweeper thread" daemon [_thread_blocked, id=22012, stack(0x00000034d5c00000,0x00000034d5d00000)]
  0x00000178ac586a70 JavaThread "Notification Thread" daemon [_thread_blocked, id=22180, stack(0x00000034d5d00000,0x00000034d5e00000)]
  0x00000178ac597e80 JavaThread "Common-Cleaner" daemon [_thread_blocked, id=20308, stack(0x00000034d5f00000,0x00000034d6000000)]
=>0x00000178ae7b1790 JavaThread "C2 CompilerThread1" daemon [_thread_in_native, id=23364, stack(0x00000034d6900000,0x00000034d6a00000)]
  0x00000178aee7c0b0 JavaThread "C2 CompilerThread2" daemon [_thread_in_native, id=2500, stack(0x00000034d6a00000,0x00000034d6b00000)]

Other Threads:
  0x00000178ab98e660 VMThread "VM Thread" [stack: 0x00000034d5300000,0x00000034d5400000] [id=18448]
  0x0000017892fff350 WatcherThread [stack: 0x00000034d5e00000,0x00000034d5f00000] [id=21348]
  0x0000017892fdf400 GCTaskThread "GC Thread#0" [stack: 0x00000034d4e00000,0x00000034d4f00000] [id=15960]
  0x00000178acab3ab0 GCTaskThread "GC Thread#1" [stack: 0x00000034d6000000,0x00000034d6100000] [id=23484]
  0x00000178acb77f40 GCTaskThread "GC Thread#2" [stack: 0x00000034d6100000,0x00000034d6200000] [id=25308]
  0x00000178acba7010 GCTaskThread "GC Thread#3" [stack: 0x00000034d6200000,0x00000034d6300000] [id=992]
  0x00000178acba72c0 GCTaskThread "GC Thread#4" [stack: 0x00000034d6300000,0x00000034d6400000] [id=20928]
  0x00000178acc3e000 GCTaskThread "GC Thread#5" [stack: 0x00000034d6400000,0x00000034d6500000] [id=22432]
  0x00000178acc3e2b0 GCTaskThread "GC Thread#6" [stack: 0x00000034d6500000,0x00000034d6600000] [id=18796]
  0x00000178acc3c7d0 GCTaskThread "GC Thread#7" [stack: 0x00000034d6600000,0x00000034d6700000] [id=5444]
  0x0000017892febf00 ConcurrentGCThread "G1 Main Marker" [stack: 0x00000034d4f00000,0x00000034d5000000] [id=11552]
  0x0000017892fec910 ConcurrentGCThread "G1 Conc#0" [stack: 0x00000034d5000000,0x00000034d5100000] [id=13060]
  0x00000178acc3d540 ConcurrentGCThread "G1 Conc#1" [stack: 0x00000034d6700000,0x00000034d6800000] [id=11176]
  0x00000178ab7f10d0 ConcurrentGCThread "G1 Refine#0" [stack: 0x00000034d5100000,0x00000034d5200000] [id=25012]
  0x00000178acafec90 ConcurrentGCThread "G1 Refine#1" [stack: 0x00000034d6800000,0x00000034d6900000] [id=3672]
  0x00000178ab7f2a10 ConcurrentGCThread "G1 Service" [stack: 0x00000034d5200000,0x00000034d5300000] [id=2888]

Threads with active compile tasks:
C2 CompilerThread0    11760 3489       4       org.jetbrains.kotlin.metadata.ProtoBuf$Type::writeTo (354 bytes)
C2 CompilerThread1    11760 3358       4       org.jetbrains.org.objectweb.asm.ClassReader::readMethod (1061 bytes)
C2 CompilerThread2    11760 3405   !   4       org.jetbrains.kotlin.metadata.ProtoBuf$Type::<init> (875 bytes)

VM state: not at safepoint (normal execution)

VM Mutex/Monitor currently owned by a thread: None

Heap address: 0x00000000a2200000, size: 1502 MB, Compressed Oops mode: 32-bit

CDS archive(s) not mapped
Compressed class space mapped at: 0x0000000100000000-0x0000000140000000, reserved size: 1073741824
Narrow klass base: 0x0000000000000000, Narrow klass shift: 3, Narrow klass range: 0x140000000

GC Precious Log:
 CPUs: 8 total, 8 available
 Memory: 6005M
 Large Page Support: Disabled
 NUMA Support: Disabled
 Compressed Oops: Enabled (32-bit)
 Heap Region Size: 1M
 Heap Min Capacity: 8M
 Heap Initial Capacity: 94M
 Heap Max Capacity: 1502M
 Pre-touch: Disabled
 Parallel Workers: 8
 Concurrent Workers: 2
 Concurrent Refinement Workers: 8
 Periodic GC: Disabled

Heap:
 garbage-first heap   total 56320K, used 36233K [0x00000000a2200000, 0x0000000100000000)
  region size 1024K, 9 young (9216K), 2 survivors (2048K)
 Metaspace       used 48111K, committed 48320K, reserved 1097728K
  class space    used 5846K, committed 5952K, reserved 1048576K

Heap Regions: E=young(eden), S=young(survivor), O=old, HS=humongous(starts), HC=humongous(continues), CS=collection set, F=free, OA=open archive, CA=closed archive, TAMS=top-at-mark-start (previous, next)
|   0|0x00000000a2200000, 0x00000000a2300000, 0x00000000a2300000|100%|HS|  |TAMS 0x00000000a2300000, 0x00000000a2200000| Complete 
|   1|0x00000000a2300000, 0x00000000a2400000, 0x00000000a2400000|100%|HC|  |TAMS 0x00000000a2400000, 0x00000000a2300000| Complete 
|   2|0x00000000a2400000, 0x00000000a2500000, 0x00000000a2500000|100%|HC|  |TAMS 0x00000000a2500000, 0x00000000a2400000| Complete 
|   3|0x00000000a2500000, 0x00000000a2600000, 0x00000000a2600000|100%|HC|  |TAMS 0x00000000a2600000, 0x00000000a2500000| Complete 
|   4|0x00000000a2600000, 0x00000000a2700000, 0x00000000a2700000|100%| O|  |TAMS 0x00000000a2700000, 0x00000000a2600000| Untracked 
|   5|0x00000000a2700000, 0x00000000a2800000, 0x00000000a2800000|100%| O|  |TAMS 0x00000000a2800000, 0x00000000a2700000| Untracked 
|   6|0x00000000a2800000, 0x00000000a2900000, 0x00000000a2900000|100%| O|  |TAMS 0x00000000a2900000, 0x00000000a2800000| Untracked 
|   7|0x00000000a2900000, 0x00000000a2a00000, 0x00000000a2a00000|100%| O|  |TAMS 0x00000000a2a00000, 0x00000000a2900000| Untracked 
|   8|0x00000000a2a00000, 0x00000000a2b00000, 0x00000000a2b00000|100%| O|  |TAMS 0x00000000a2b00000, 0x00000000a2a00000| Untracked 
|   9|0x00000000a2b00000, 0x00000000a2c00000, 0x00000000a2c00000|100%| O|  |TAMS 0x00000000a2c00000, 0x00000000a2b00000| Untracked 
|  10|0x00000000a2c00000, 0x00000000a2d00000, 0x00000000a2d00000|100%| O|  |TAMS 0x00000000a2d00000, 0x00000000a2c00000| Untracked 
|  11|0x00000000a2d00000, 0x00000000a2e00000, 0x00000000a2e00000|100%| O|  |TAMS 0x00000000a2e00000, 0x00000000a2d00000| Untracked 
|  12|0x00000000a2e00000, 0x00000000a2f00000, 0x00000000a2f00000|100%| O|  |TAMS 0x00000000a2f00000, 0x00000000a2e00000| Untracked 
|  13|0x00000000a2f00000, 0x00000000a3000000, 0x00000000a3000000|100%| O|  |TAMS 0x00000000a3000000, 0x00000000a2f00000| Untracked 
|  14|0x00000000a3000000, 0x00000000a3100000, 0x00000000a3100000|100%| O|  |TAMS 0x00000000a3100000, 0x00000000a3000000| Untracked 
|  15|0x00000000a3100000, 0x00000000a3200000, 0x00000000a3200000|100%| O|  |TAMS 0x00000000a3200000, 0x00000000a3100000| Untracked 
|  16|0x00000000a3200000, 0x00000000a3300000, 0x00000000a3300000|100%| O|  |TAMS 0x00000000a3300000, 0x00000000a3200000| Untracked 
|  17|0x00000000a3300000, 0x00000000a3400000, 0x00000000a3400000|100%| O|  |TAMS 0x00000000a3400000, 0x00000000a3300000| Untracked 
|  18|0x00000000a3400000, 0x00000000a3500000, 0x00000000a3500000|100%| O|  |TAMS 0x00000000a3500000, 0x00000000a3400000| Untracked 
|  19|0x00000000a3500000, 0x00000000a3600000, 0x00000000a3600000|100%| O|  |TAMS 0x00000000a3600000, 0x00000000a3500000| Untracked 
|  20|0x00000000a3600000, 0x00000000a3700000, 0x00000000a3700000|100%| O|  |TAMS 0x00000000a3700000, 0x00000000a3600000| Untracked 
|  21|0x00000000a3700000, 0x00000000a3800000, 0x00000000a3800000|100%|HS|  |TAMS 0x00000000a3800000, 0x00000000a3700000| Complete 
|  22|0x00000000a3800000, 0x00000000a3900000, 0x00000000a3900000|100%|HC|  |TAMS 0x00000000a3900000, 0x00000000a3800000| Complete 
|  23|0x00000000a3900000, 0x00000000a3a00000, 0x00000000a3a00000|100%| O|  |TAMS 0x00000000a3a00000, 0x00000000a3900000| Untracked 
|  24|0x00000000a3a00000, 0x00000000a3af7200, 0x00000000a3b00000| 96%| O|  |TAMS 0x00000000a3a00000, 0x00000000a3a00000| Untracked 
|  25|0x00000000a3b00000, 0x00000000a3c00000, 0x00000000a3c00000|100%| O|  |TAMS 0x00000000a3c00000, 0x00000000a3b00000| Untracked 
|  26|0x00000000a3c00000, 0x00000000a3d00000, 0x00000000a3d00000|100%| O|  |TAMS 0x00000000a3d00000, 0x00000000a3c00000| Untracked 
|  27|0x00000000a3d00000, 0x00000000a3e00000, 0x00000000a3e00000|100%| O|  |TAMS 0x00000000a3dff000, 0x00000000a3d00000| Complete 
|  28|0x00000000a3e00000, 0x00000000a3e00000, 0x00000000a3f00000|  0%| F|  |TAMS 0x00000000a3e00000, 0x00000000a3e00000| Untracked 
|  29|0x00000000a3f00000, 0x00000000a3f00000, 0x00000000a4000000|  0%| F|  |TAMS 0x00000000a3f00000, 0x00000000a3f00000| Untracked 
|  30|0x00000000a4000000, 0x00000000a4000000, 0x00000000a4100000|  0%| F|  |TAMS 0x00000000a4000000, 0x00000000a4000000| Untracked 
|  31|0x00000000a4100000, 0x00000000a4100000, 0x00000000a4200000|  0%| F|  |TAMS 0x00000000a4100000, 0x00000000a4100000| Untracked 
|  32|0x00000000a4200000, 0x00000000a4200000, 0x00000000a4300000|  0%| F|  |TAMS 0x00000000a4200000, 0x00000000a4200000| Untracked 
|  33|0x00000000a4300000, 0x00000000a4300000, 0x00000000a4400000|  0%| F|  |TAMS 0x00000000a4300000, 0x00000000a4300000| Untracked 
|  34|0x00000000a4400000, 0x00000000a4400000, 0x00000000a4500000|  0%| F|  |TAMS 0x00000000a4400000, 0x00000000a4400000| Untracked 
|  35|0x00000000a4500000, 0x00000000a4500000, 0x00000000a4600000|  0%| F|  |TAMS 0x00000000a4500000, 0x00000000a4500000| Untracked 
|  36|0x00000000a4600000, 0x00000000a466b210, 0x00000000a4700000| 41%| S|CS|TAMS 0x00000000a4600000, 0x00000000a4600000| Complete 
|  37|0x00000000a4700000, 0x00000000a4800000, 0x00000000a4800000|100%| S|CS|TAMS 0x00000000a4700000, 0x00000000a4700000| Complete 
|  38|0x00000000a4800000, 0x00000000a4800000, 0x00000000a4900000|  0%| F|  |TAMS 0x00000000a4800000, 0x00000000a4800000| Untracked 
|  39|0x00000000a4900000, 0x00000000a4900000, 0x00000000a4a00000|  0%| F|  |TAMS 0x00000000a4900000, 0x00000000a4900000| Untracked 
|  40|0x00000000a4a00000, 0x00000000a4a00000, 0x00000000a4b00000|  0%| F|  |TAMS 0x00000000a4a00000, 0x00000000a4a00000| Untracked 
|  41|0x00000000a4b00000, 0x00000000a4b00000, 0x00000000a4c00000|  0%| F|  |TAMS 0x00000000a4b00000, 0x00000000a4b00000| Untracked 
|  42|0x00000000a4c00000, 0x00000000a4c00000, 0x00000000a4d00000|  0%| F|  |TAMS 0x00000000a4c00000, 0x00000000a4c00000| Untracked 
|  43|0x00000000a4d00000, 0x00000000a4d00000, 0x00000000a4e00000|  0%| F|  |TAMS 0x00000000a4d00000, 0x00000000a4d00000| Untracked 
|  44|0x00000000a4e00000, 0x00000000a4e00000, 0x00000000a4f00000|  0%| F|  |TAMS 0x00000000a4e00000, 0x00000000a4e00000| Untracked 
|  45|0x00000000a4f00000, 0x00000000a4f00000, 0x00000000a5000000|  0%| F|  |TAMS 0x00000000a4f00000, 0x00000000a4f00000| Untracked 
|  46|0x00000000a5000000, 0x00000000a5000000, 0x00000000a5100000|  0%| F|  |TAMS 0x00000000a5000000, 0x00000000a5000000| Untracked 
|  47|0x00000000a5100000, 0x00000000a5100000, 0x00000000a5200000|  0%| F|  |TAMS 0x00000000a5100000, 0x00000000a5100000| Untracked 
|  48|0x00000000a5200000, 0x00000000a52ed770, 0x00000000a5300000| 92%| E|  |TAMS 0x00000000a5200000, 0x00000000a5200000| Complete 
|  49|0x00000000a5300000, 0x00000000a5400000, 0x00000000a5400000|100%| E|CS|TAMS 0x00000000a5300000, 0x00000000a5300000| Complete 
|  55|0x00000000a5900000, 0x00000000a5a00000, 0x00000000a5a00000|100%| E|CS|TAMS 0x00000000a5900000, 0x00000000a5900000| Complete 
|  56|0x00000000a5a00000, 0x00000000a5b00000, 0x00000000a5b00000|100%| E|CS|TAMS 0x00000000a5a00000, 0x00000000a5a00000| Complete 
|  57|0x00000000a5b00000, 0x00000000a5c00000, 0x00000000a5c00000|100%| E|CS|TAMS 0x00000000a5b00000, 0x00000000a5b00000| Complete 
|  58|0x00000000a5c00000, 0x00000000a5d00000, 0x00000000a5d00000|100%| E|CS|TAMS 0x00000000a5c00000, 0x00000000a5c00000| Complete 
|  93|0x00000000a7f00000, 0x00000000a8000000, 0x00000000a8000000|100%| E|CS|TAMS 0x00000000a7f00000, 0x00000000a7f00000| Complete 

Card table byte_map: [0x00000178a5a70000,0x00000178a5d60000] _byte_map_base: 0x00000178a555f000

Marking Bits (Prev, Next): (CMBitMap*) 0x0000017892fdfa10, (CMBitMap*) 0x0000017892fdfa50
 Prev Bits: [0x00000178a6050000, 0x00000178a77c8000)
 Next Bits: [0x00000178a77d0000, 0x00000178a8f48000)

Polling page: 0x0000017890f50000

Metaspace:

Usage:
  Non-class:     41.28 MB used.
      Class:      5.71 MB used.
       Both:     47.00 MB used.

Virtual space:
  Non-class space:       48.00 MB reserved,      41.38 MB ( 86%) committed,  6 nodes.
      Class space:        1.00 GB reserved,       5.81 MB ( <1%) committed,  1 nodes.
             Both:        1.05 GB reserved,      47.19 MB (  4%) committed. 

Chunk freelists:
   Non-Class:  2.14 MB
       Class:  2.16 MB
        Both:  4.30 MB

MaxMetaspaceSize: unlimited
CompressedClassSpaceSize: 1.00 GB
Initial GC threshold: 21.00 MB
Current GC threshold: 77.62 MB
CDS: off
MetaspaceReclaimPolicy: balanced
 - commit_granule_bytes: 65536.
 - commit_granule_words: 8192.
 - virtual_space_node_default_size: 1048576.
 - enlarge_chunks_in_place: 1.
 - new_chunks_are_fully_committed: 0.
 - uncommit_free_chunks: 1.
 - use_allocation_guard: 0.
 - handle_deallocations: 1.


Internal statistics:

num_allocs_failed_limit: 6.
num_arena_births: 168.
num_arena_deaths: 0.
num_vsnodes_births: 7.
num_vsnodes_deaths: 0.
num_space_committed: 754.
num_space_uncommitted: 0.
num_chunks_returned_to_freelist: 6.
num_chunks_taken_from_freelist: 1528.
num_chunk_merges: 6.
num_chunk_splits: 1297.
num_chunks_enlarged: 1185.
num_purges: 0.
num_inconsistent_stats: 0.

CodeHeap 'non-profiled nmethods': size=120000Kb used=1513Kb max_used=1513Kb free=118487Kb
 bounds [0x000001789df20000, 0x000001789e190000, 0x00000178a5450000]
CodeHeap 'profiled nmethods': size=120000Kb used=7576Kb max_used=7576Kb free=112423Kb
 bounds [0x0000017896450000, 0x0000017896bc0000, 0x000001789d980000]
CodeHeap 'non-nmethods': size=5760Kb used=1267Kb max_used=1314Kb free=4492Kb
 bounds [0x000001789d980000, 0x000001789dbf0000, 0x000001789df20000]
 total_blobs=4128 nmethods=3549 adapters=491
 compilation: enabled
              stopped_count=0, restarted_count=0
 full_count=0

Compilation events (20 events):
Event: 11.718 Thread 0x00000178ac428b50 3568       2       java.lang.Package$VersionInfo::getInstance (53 bytes)
Event: 11.718 Thread 0x00000178ac428b50 nmethod 3568 0x0000017896bb1910 code [0x0000017896bb1ac0, 0x0000017896bb1d28]
Event: 11.718 Thread 0x00000178ac428b50 3569       2       java.lang.Package$VersionInfo::<init> (44 bytes)
Event: 11.718 Thread 0x00000178ac428b50 nmethod 3569 0x0000017896bb1e10 code [0x0000017896bb1fc0, 0x0000017896bb2358]
Event: 11.718 Thread 0x00000178ac428b50 3570       2       jdk.internal.jimage.ImageLocation::verifyName (161 bytes)
Event: 11.719 Thread 0x00000178ac428b50 nmethod 3570 0x0000017896bb2410 code [0x0000017896bb2660, 0x0000017896bb2e38]
Event: 11.719 Thread 0x00000178ac428b50 3571       2       jdk.internal.jimage.ImageStringsReader::stringFromByteBufferMatches (138 bytes)
Event: 11.720 Thread 0x00000178ac428b50 nmethod 3571 0x0000017896bb3590 code [0x0000017896bb37c0, 0x0000017896bb3f48]
Event: 11.732 Thread 0x00000178ac424ca0 nmethod 3438 0x000001789e091090 code [0x000001789e091600, 0x000001789e0947e0]
Event: 11.732 Thread 0x00000178ac424ca0 3482       4       org.jetbrains.kotlin.protobuf.GeneratedMessageLite$ExtendableMessage$ExtensionWriter::writeUntil (140 bytes)
Event: 11.737 Thread 0x00000178ac428b50 3572       1       org.jetbrains.kotlin.descriptors.impl.ModuleDescriptorImpl::getBuiltIns (5 bytes)
Event: 11.737 Thread 0x00000178ac428b50 nmethod 3572 0x000001789e097d90 code [0x000001789e097f20, 0x000001789e097ff8]
Event: 11.740 Thread 0x00000178ac428b50 3573       2       org.jetbrains.kotlin.load.java.AbstractJavaClassFinder::getJavaSearchScope (17 bytes)
Event: 11.740 Thread 0x00000178ac428b50 nmethod 3573 0x0000017896bb4510 code [0x0000017896bb4720, 0x0000017896bb4ab8]
Event: 11.741 Thread 0x00000178ac428b50 3575       2       org.jetbrains.kotlin.load.java.structure.impl.classFiles.BinaryJavaClass::getTypeParameters (18 bytes)
Event: 11.741 Thread 0x00000178ac428b50 nmethod 3575 0x0000017896bb4d10 code [0x0000017896bb4f20, 0x0000017896bb52b8]
Event: 11.741 Thread 0x00000178ac428b50 3576       1       org.jetbrains.kotlin.load.java.lazy.JavaResolverComponents::getLookupTracker (5 bytes)
Event: 11.741 Thread 0x00000178ac428b50 nmethod 3576 0x000001789e098090 code [0x000001789e098220, 0x000001789e0982f8]
Event: 11.741 Thread 0x00000178ac428b50 3577       2       java.util.concurrent.ConcurrentHashMap::remove (8 bytes)
Event: 11.742 Thread 0x00000178ac428b50 nmethod 3577 0x0000017896bb5510 code [0x0000017896bb56a0, 0x0000017896bb57c8]

GC Heap History (20 events):
Event: 9.578 GC heap before
{Heap before GC invocations=5 (full 0):
 garbage-first heap   total 40960K, used 33067K [0x00000000a2200000, 0x0000000100000000)
  region size 1024K, 20 young (20480K), 1 survivors (1024K)
 Metaspace       used 30764K, committed 30912K, reserved 1081344K
  class space    used 3976K, committed 4032K, reserved 1048576K
}
Event: 9.588 GC heap after
{Heap after GC invocations=6 (full 0):
 garbage-first heap   total 40960K, used 17946K [0x00000000a2200000, 0x0000000100000000)
  region size 1024K, 3 young (3072K), 3 survivors (3072K)
 Metaspace       used 30764K, committed 30912K, reserved 1081344K
  class space    used 3976K, committed 4032K, reserved 1048576K
}
Event: 10.065 GC heap before
{Heap before GC invocations=6 (full 0):
 garbage-first heap   total 40960K, used 30234K [0x00000000a2200000, 0x0000000100000000)
  region size 1024K, 16 young (16384K), 3 survivors (3072K)
 Metaspace       used 34028K, committed 34176K, reserved 1081344K
  class space    used 4335K, committed 4416K, reserved 1048576K
}
Event: 10.071 GC heap after
{Heap after GC invocations=7 (full 0):
 garbage-first heap   total 40960K, used 17131K [0x00000000a2200000, 0x0000000100000000)
  region size 1024K, 2 young (2048K), 2 survivors (2048K)
 Metaspace       used 34028K, committed 34176K, reserved 1081344K
  class space    used 4335K, committed 4416K, reserved 1048576K
}
Event: 10.228 GC heap before
{Heap before GC invocations=7 (full 0):
 garbage-first heap   total 40960K, used 25323K [0x00000000a2200000, 0x0000000100000000)
  region size 1024K, 11 young (11264K), 2 survivors (2048K)
 Metaspace       used 35854K, committed 36096K, reserved 1081344K
  class space    used 4532K, committed 4672K, reserved 1048576K
}
Event: 10.231 GC heap after
{Heap after GC invocations=8 (full 0):
 garbage-first heap   total 40960K, used 18661K [0x00000000a2200000, 0x0000000100000000)
  region size 1024K, 2 young (2048K), 2 survivors (2048K)
 Metaspace       used 35854K, committed 36096K, reserved 1081344K
  class space    used 4532K, committed 4672K, reserved 1048576K
}
Event: 10.476 GC heap before
{Heap before GC invocations=9 (full 0):
 garbage-first heap   total 40960K, used 30949K [0x00000000a2200000, 0x0000000100000000)
  region size 1024K, 14 young (14336K), 2 survivors (2048K)
 Metaspace       used 38332K, committed 38528K, reserved 1089536K
  class space    used 4766K, committed 4864K, reserved 1048576K
}
Event: 10.479 GC heap after
{Heap after GC invocations=10 (full 0):
 garbage-first heap   total 40960K, used 19757K [0x00000000a2200000, 0x0000000100000000)
  region size 1024K, 2 young (2048K), 2 survivors (2048K)
 Metaspace       used 38332K, committed 38528K, reserved 1089536K
  class space    used 4766K, committed 4864K, reserved 1048576K
}
Event: 10.491 GC heap before
{Heap before GC invocations=10 (full 0):
 garbage-first heap   total 40960K, used 19757K [0x00000000a2200000, 0x0000000100000000)
  region size 1024K, 3 young (3072K), 2 survivors (2048K)
 Metaspace       used 38475K, committed 38720K, reserved 1089536K
  class space    used 4777K, committed 4928K, reserved 1048576K
}
Event: 10.493 GC heap after
{Heap after GC invocations=11 (full 0):
 garbage-first heap   total 49152K, used 19142K [0x00000000a2200000, 0x0000000100000000)
  region size 1024K, 1 young (1024K), 1 survivors (1024K)
 Metaspace       used 38475K, committed 38720K, reserved 1089536K
  class space    used 4777K, committed 4928K, reserved 1048576K
}
Event: 10.806 GC heap before
{Heap before GC invocations=11 (full 0):
 garbage-first heap   total 49152K, used 35526K [0x00000000a2200000, 0x0000000100000000)
  region size 1024K, 18 young (18432K), 1 survivors (1024K)
 Metaspace       used 42579K, committed 42816K, reserved 1089536K
  class space    used 5213K, committed 5312K, reserved 1048576K
}
Event: 10.809 GC heap after
{Heap after GC invocations=12 (full 0):
 garbage-first heap   total 49152K, used 20113K [0x00000000a2200000, 0x0000000100000000)
  region size 1024K, 2 young (2048K), 2 survivors (2048K)
 Metaspace       used 42579K, committed 42816K, reserved 1089536K
  class space    used 5213K, committed 5312K, reserved 1048576K
}
Event: 11.367 GC heap before
{Heap before GC invocations=12 (full 0):
 garbage-first heap   total 49152K, used 37521K [0x00000000a2200000, 0x0000000100000000)
  region size 1024K, 19 young (19456K), 2 survivors (2048K)
 Metaspace       used 46727K, committed 46976K, reserved 1097728K
  class space    used 5714K, committed 5824K, reserved 1048576K
}
Event: 11.372 GC heap after
{Heap after GC invocations=13 (full 0):
 garbage-first heap   total 49152K, used 21905K [0x00000000a2200000, 0x0000000100000000)
  region size 1024K, 3 young (3072K), 3 survivors (3072K)
 Metaspace       used 46727K, committed 46976K, reserved 1097728K
  class space    used 5714K, committed 5824K, reserved 1048576K
}
Event: 11.536 GC heap before
{Heap before GC invocations=13 (full 0):
 garbage-first heap   total 49152K, used 33169K [0x00000000a2200000, 0x0000000100000000)
  region size 1024K, 13 young (13312K), 3 survivors (3072K)
 Metaspace       used 47401K, committed 47616K, reserved 1097728K
  class space    used 5773K, committed 5888K, reserved 1048576K
}
Event: 11.543 GC heap after
{Heap after GC invocations=14 (full 0):
 garbage-first heap   total 49152K, used 26877K [0x00000000a2200000, 0x0000000100000000)
  region size 1024K, 3 young (3072K), 3 survivors (3072K)
 Metaspace       used 47401K, committed 47616K, reserved 1097728K
  class space    used 5773K, committed 5888K, reserved 1048576K
}
Event: 11.588 GC heap before
{Heap before GC invocations=15 (full 0):
 garbage-first heap   total 51200K, used 37117K [0x00000000a2200000, 0x0000000100000000)
  region size 1024K, 13 young (13312K), 3 survivors (3072K)
 Metaspace       used 47416K, committed 47680K, reserved 1097728K
  class space    used 5773K, committed 5888K, reserved 1048576K
}
Event: 11.594 GC heap after
{Heap after GC invocations=16 (full 0):
 garbage-first heap   total 51200K, used 29692K [0x00000000a2200000, 0x0000000100000000)
  region size 1024K, 2 young (2048K), 2 survivors (2048K)
 Metaspace       used 47416K, committed 47680K, reserved 1097728K
  class space    used 5773K, committed 5888K, reserved 1048576K
}
Event: 11.634 GC heap before
{Heap before GC invocations=16 (full 0):
 garbage-first heap   total 51200K, used 38908K [0x00000000a2200000, 0x0000000100000000)
  region size 1024K, 12 young (12288K), 2 survivors (2048K)
 Metaspace       used 47436K, committed 47680K, reserved 1097728K
  class space    used 5773K, committed 5888K, reserved 1048576K
}
Event: 11.638 GC heap after
{Heap after GC invocations=17 (full 0):
 garbage-first heap   total 51200K, used 30089K [0x00000000a2200000, 0x0000000100000000)
  region size 1024K, 2 young (2048K), 2 survivors (2048K)
 Metaspace       used 47436K, committed 47680K, reserved 1097728K
  class space    used 5773K, committed 5888K, reserved 1048576K
}

Dll operation events (2 events):
Event: 0.007 Loaded shared library E:\Android Studio\jbr\bin\java.dll
Event: 6.816 Loaded shared library E:\Android Studio\jbr\bin\verify.dll

Deoptimization events (20 events):
Event: 10.959 Thread 0x0000017892f90510 Uncommon trap: trap_request=0xffffffc6 fr.pc=0x000001789e00af88 relative=0x00000000000005a8
Event: 10.959 Thread 0x0000017892f90510 Uncommon trap: reason=bimorphic_or_optimized_type_check action=maybe_recompile pc=0x000001789e00af88 method=org.jetbrains.kotlin.protobuf.CodedInputStream.tryRefillBuffer(I)Z @ 177 c2
Event: 10.959 Thread 0x0000017892f90510 DEOPT PACKING pc=0x000001789e00af88 sp=0x00000034d4dfa5f0
Event: 10.959 Thread 0x0000017892f90510 DEOPT UNPACKING pc=0x000001789d9d69a3 sp=0x00000034d4dfa4d0 mode 2
Event: 10.960 Thread 0x0000017892f90510 Uncommon trap: trap_request=0xffffffc6 fr.pc=0x000001789e00af88 relative=0x00000000000005a8
Event: 10.960 Thread 0x0000017892f90510 Uncommon trap: reason=bimorphic_or_optimized_type_check action=maybe_recompile pc=0x000001789e00af88 method=org.jetbrains.kotlin.protobuf.CodedInputStream.tryRefillBuffer(I)Z @ 177 c2
Event: 10.960 Thread 0x0000017892f90510 DEOPT PACKING pc=0x000001789e00af88 sp=0x00000034d4dfa5f0
Event: 10.960 Thread 0x0000017892f90510 DEOPT UNPACKING pc=0x000001789d9d69a3 sp=0x00000034d4dfa4d0 mode 2
Event: 10.961 Thread 0x0000017892f90510 Uncommon trap: trap_request=0xffffffc6 fr.pc=0x000001789e00af88 relative=0x00000000000005a8
Event: 10.961 Thread 0x0000017892f90510 Uncommon trap: reason=bimorphic_or_optimized_type_check action=maybe_recompile pc=0x000001789e00af88 method=org.jetbrains.kotlin.protobuf.CodedInputStream.tryRefillBuffer(I)Z @ 177 c2
Event: 10.961 Thread 0x0000017892f90510 DEOPT PACKING pc=0x000001789e00af88 sp=0x00000034d4dfadd0
Event: 10.961 Thread 0x0000017892f90510 DEOPT UNPACKING pc=0x000001789d9d69a3 sp=0x00000034d4dfacb8 mode 2
Event: 11.010 Thread 0x0000017892f90510 DEOPT PACKING pc=0x00000178967b3ebe sp=0x00000034d4dfab40
Event: 11.010 Thread 0x0000017892f90510 DEOPT UNPACKING pc=0x000001789d9d7143 sp=0x00000034d4df9fe0 mode 0
Event: 11.393 Thread 0x0000017892f90510 DEOPT PACKING pc=0x00000178967b3ebe sp=0x00000034d4dfaa80
Event: 11.393 Thread 0x0000017892f90510 DEOPT UNPACKING pc=0x000001789d9d7143 sp=0x00000034d4df9f20 mode 0
Event: 11.652 Thread 0x0000017892f90510 Uncommon trap: trap_request=0xffffff45 fr.pc=0x000001789e077cc0 relative=0x0000000000000220
Event: 11.652 Thread 0x0000017892f90510 Uncommon trap: reason=unstable_if action=reinterpret pc=0x000001789e077cc0 method=org.jetbrains.org.objectweb.asm.Type.getTypeInternal(Ljava/lang/String;II)Lorg/jetbrains/org/objectweb/asm/Type; @ 5 c2
Event: 11.652 Thread 0x0000017892f90510 DEOPT PACKING pc=0x000001789e077cc0 sp=0x00000034d4dfa630
Event: 11.652 Thread 0x0000017892f90510 DEOPT UNPACKING pc=0x000001789d9d69a3 sp=0x00000034d4dfa5c8 mode 2

Classes unloaded (0 events):
No events

Classes redefined (0 events):
No events

Internal exceptions (20 events):
Event: 6.555 Thread 0x0000017892f90510 Exception <a 'java/lang/NoSuchMethodError'{0x00000000a4392038}: 'java.lang.Object java.lang.invoke.DirectMethodHandle$Holder.invokeSpecial(java.lang.Object, java.lang.Object, java.lang.Object, java.lang.Object, long)'> (0x00000000a4392038) 
thrown [s\src\hotspot\share\interpreter\linkResolver.cpp, line 771]
Event: 6.557 Thread 0x0000017892f90510 Exception <a 'java/lang/NoSuchMethodError'{0x00000000a43a13f8}: 'int java.lang.invoke.DelegatingMethodHandle$Holder.reinvoke_L(java.lang.Object, java.lang.Object, java.lang.Object, long, java.lang.Object, java.lang.Object)'> (0x00000000a43a13f8) 
thrown [s\src\hotspot\share\interpreter\linkResolver.cpp, line 771]
Event: 6.559 Thread 0x0000017892f90510 Exception <a 'java/lang/NoSuchMethodError'{0x00000000a43b00b0}: 'int java.lang.invoke.DelegatingMethodHandle$Holder.reinvoke_L(java.lang.Object, java.lang.Object, java.lang.Object, long, int, int)'> (0x00000000a43b00b0) 
thrown [s\src\hotspot\share\interpreter\linkResolver.cpp, line 771]
Event: 6.561 Thread 0x0000017892f90510 Exception <a 'java/lang/NoSuchMethodError'{0x00000000a43be9e8}: 'int java.lang.invoke.DelegatingMethodHandle$Holder.reinvoke_L(java.lang.Object, java.lang.Object, java.lang.Object, long, long, long)'> (0x00000000a43be9e8) 
thrown [s\src\hotspot\share\interpreter\linkResolver.cpp, line 771]
Event: 6.563 Thread 0x0000017892f90510 Exception <a 'java/lang/NoSuchMethodError'{0x00000000a43cd000}: 'int java.lang.invoke.DelegatingMethodHandle$Holder.reinvoke_L(java.lang.Object, java.lang.Object, java.lang.Object, long, int)'> (0x00000000a43cd000) 
thrown [s\src\hotspot\share\interpreter\linkResolver.cpp, line 771]
Event: 6.584 Thread 0x0000017892f90510 Exception <a 'java/lang/NoSuchMethodError'{0x00000000a4275360}: 'int java.lang.invoke.DirectMethodHandle$Holder.invokeStaticInit(java.lang.Object, java.lang.Object, java.lang.Object)'> (0x00000000a4275360) 
thrown [s\src\hotspot\share\interpreter\linkResolver.cpp, line 771]
Event: 6.591 Thread 0x0000017892f90510 Exception <a 'java/lang/NoSuchMethodError'{0x00000000a429ef38}: 'int java.lang.invoke.DirectMethodHandle$Holder.invokeStaticInit(java.lang.Object, java.lang.Object)'> (0x00000000a429ef38) 
thrown [s\src\hotspot\share\interpreter\linkResolver.cpp, line 771]
Event: 6.618 Thread 0x0000017892f90510 Exception <a 'java/lang/NoSuchMethodError'{0x00000000a417e818}: 'void java.lang.invoke.DirectMethodHandle$Holder.invokeSpecial(java.lang.Object, java.lang.Object, java.lang.Object)'> (0x00000000a417e818) 
thrown [s\src\hotspot\share\interpreter\linkResolver.cpp, line 771]
Event: 6.698 Thread 0x0000017892f90510 Exception <a 'java/lang/NoSuchMethodError'{0x00000000a3ea79d8}: 'void java.lang.invoke.DirectMethodHandle$Holder.invokeStatic(java.lang.Object, java.lang.Object, java.lang.Object, java.lang.Object)'> (0x00000000a3ea79d8) 
thrown [s\src\hotspot\share\interpreter\linkResolver.cpp, line 771]
Event: 6.778 Thread 0x0000017892f90510 Exception <a 'java/lang/NoSuchMethodError'{0x00000000a3a6b038}: 'void java.lang.invoke.DirectMethodHandle$Holder.invokeStaticInit(java.lang.Object, java.lang.Object)'> (0x00000000a3a6b038) 
thrown [s\src\hotspot\share\interpreter\linkResolver.cpp, line 771]
Event: 6.891 Thread 0x0000017892f90510 Exception <a 'java/lang/NoSuchMethodError'{0x00000000a36e98b8}: 'void java.lang.invoke.DirectMethodHandle$Holder.invokeVirtual(java.lang.Object, java.lang.Object)'> (0x00000000a36e98b8) 
thrown [s\src\hotspot\share\interpreter\linkResolver.cpp, line 771]
Event: 6.900 Thread 0x0000017892f90510 Exception <a 'java/lang/NoSuchMethodError'{0x00000000a3563bb0}: 'int java.lang.invoke.DirectMethodHandle$Holder.invokeVirtual(java.lang.Object, java.lang.Object)'> (0x00000000a3563bb0) 
thrown [s\src\hotspot\share\interpreter\linkResolver.cpp, line 771]
Event: 6.916 Thread 0x0000017892f90510 Exception <a 'java/lang/NoSuchMethodError'{0x00000000a35fbf00}: 'java.lang.Object java.lang.invoke.Invokers$Holder.invokeExact_MT(java.lang.Object, java.lang.Object, java.lang.Object, java.lang.Object, java.lang.Object, java.lang.Object)'> (0x00000000a35fbf00) 
thrown [s\src\hotspot\share\interpreter\linkResolver.cpp, line 771]
Event: 9.619 Thread 0x0000017892f90510 Implicit null exception at 0x000001789df388f2 to 0x000001789df38ebc
Event: 9.929 Thread 0x0000017892f90510 Implicit null exception at 0x000001789df39e72 to 0x000001789df3a44c
Event: 10.002 Thread 0x0000017892f90510 Exception <a 'java/lang/NoSuchMethodError'{0x00000000a3f697c8}: 'java.lang.Object java.lang.invoke.DirectMethodHandle$Holder.invokeVirtual(java.lang.Object, java.lang.Object, java.lang.Object)'> (0x00000000a3f697c8) 
thrown [s\src\hotspot\share\interpreter\linkResolver.cpp, line 771]
Event: 10.864 Thread 0x0000017892f90510 Exception <a 'java/lang/NoSuchMethodError'{0x00000000a5cbfa88}: 'java.lang.Object java.lang.invoke.DirectMethodHandle$Holder.newInvokeSpecial(java.lang.Object, java.lang.Object, java.lang.Object, int)'> (0x00000000a5cbfa88) 
thrown [s\src\hotspot\share\interpreter\linkResolver.cpp, line 771]
Event: 10.865 Thread 0x0000017892f90510 Exception <a 'java/lang/NoSuchMethodError'{0x00000000a5cc4110}: 'java.lang.Object java.lang.invoke.DirectMethodHandle$Holder.invokeSpecial(java.lang.Object, java.lang.Object, java.lang.Object, java.lang.Object, int)'> (0x00000000a5cc4110) 
thrown [s\src\hotspot\share\interpreter\linkResolver.cpp, line 771]
Event: 10.865 Thread 0x0000017892f90510 Exception <a 'java/lang/NoSuchMethodError'{0x00000000a5cc7f80}: 'java.lang.Object java.lang.invoke.Invokers$Holder.linkToTargetMethod(java.lang.Object, java.lang.Object, int, java.lang.Object)'> (0x00000000a5cc7f80) 
thrown [s\src\hotspot\share\interpreter\linkResolver.cpp, line 771]
Event: 11.352 Thread 0x0000017892f90510 Exception <a 'java/lang/NoSuchMethodError'{0x00000000a414b888}: 'java.lang.Object java.lang.invoke.DirectMethodHandle$Holder.newInvokeSpecial(java.lang.Object, java.lang.Object, int)'> (0x00000000a414b888) 
thrown [s\src\hotspot\share\interpreter\linkResolver.cpp, line 771]

VM Operations (20 events):
Event: 11.367 Executing VM operation: G1CollectForAllocation
Event: 11.372 Executing VM operation: G1CollectForAllocation done
Event: 11.510 Executing VM operation: HandshakeAllThreads
Event: 11.510 Executing VM operation: HandshakeAllThreads done
Event: 11.535 Executing VM operation: G1TryInitiateConcMark
Event: 11.543 Executing VM operation: G1TryInitiateConcMark done
Event: 11.556 Executing VM operation: G1Concurrent
Event: 11.559 Executing VM operation: G1Concurrent done
Event: 11.565 Executing VM operation: G1Concurrent
Event: 11.565 Executing VM operation: G1Concurrent done
Event: 11.588 Executing VM operation: G1CollectForAllocation
Event: 11.594 Executing VM operation: G1CollectForAllocation done
Event: 11.634 Executing VM operation: G1CollectForAllocation
Event: 11.638 Executing VM operation: G1CollectForAllocation done
Event: 11.660 Executing VM operation: G1Concurrent
Event: 11.665 Executing VM operation: G1Concurrent done
Event: 11.668 Executing VM operation: HandshakeAllThreads
Event: 11.668 Executing VM operation: HandshakeAllThreads done
Event: 11.673 Executing VM operation: G1Concurrent
Event: 11.673 Executing VM operation: G1Concurrent done

Events (20 events):
Event: 11.216 loading class java/util/stream/ReduceOps$Box done
Event: 11.216 loading class java/util/stream/ReduceOps$3ReducingSink done
Event: 11.217 loading class java/util/stream/ReferencePipeline$2$1
Event: 11.217 loading class java/util/stream/ReferencePipeline$2$1 done
Event: 11.217 loading class java/util/stream/IntPipeline$1$1
Event: 11.217 loading class java/util/stream/Sink$ChainedInt
Event: 11.217 loading class java/util/stream/Sink$OfInt
Event: 11.217 loading class java/util/function/IntConsumer
Event: 11.217 loading class java/util/function/IntConsumer done
Event: 11.217 loading class java/util/stream/Sink$OfInt done
Event: 11.217 loading class java/util/stream/Sink$ChainedInt done
Event: 11.217 loading class java/util/stream/IntPipeline$1$1 done
Event: 11.243 loading class java/io/InvalidObjectException
Event: 11.243 loading class java/io/InvalidObjectException done
Event: 11.254 loading class java/util/AbstractList$SubList$1
Event: 11.254 loading class java/util/AbstractList$SubList$1 done
Event: 11.300 loading class java/text/StringCharacterIterator
Event: 11.300 loading class java/text/CharacterIterator
Event: 11.300 loading class java/text/CharacterIterator done
Event: 11.300 loading class java/text/StringCharacterIterator done


Dynamic libraries:
0x00007ff7ead30000 - 0x00007ff7ead3a000 	E:\Android Studio\jbr\bin\java.exe
0x00007ff9e4810000 - 0x00007ff9e4a27000 	C:\WINDOWS\SYSTEM32\ntdll.dll
0x00007ff9e39c0000 - 0x00007ff9e3a84000 	C:\WINDOWS\System32\KERNEL32.DLL
0x00007ff9e1d40000 - 0x00007ff9e20ed000 	C:\WINDOWS\System32\KERNELBASE.dll
0x00007ff9e20f0000 - 0x00007ff9e2201000 	C:\WINDOWS\System32\ucrtbase.dll
0x00007ff9bc9b0000 - 0x00007ff9bc9c7000 	E:\Android Studio\jbr\bin\jli.dll
0x00007ff9d7ad0000 - 0x00007ff9d7aeb000 	E:\Android Studio\jbr\bin\VCRUNTIME140.dll
0x00007ff9e2d40000 - 0x00007ff9e2eee000 	C:\WINDOWS\System32\USER32.dll
0x00007ff9c37f0000 - 0x00007ff9c3a83000 	C:\WINDOWS\WinSxS\amd64_microsoft.windows.common-controls_6595b64144ccf1df_6.0.22621.3672_none_2713b9d173822955\COMCTL32.dll
0x00007ff9e1b30000 - 0x00007ff9e1b56000 	C:\WINDOWS\System32\win32u.dll
0x00007ff9e2790000 - 0x00007ff9e2837000 	C:\WINDOWS\System32\msvcrt.dll
0x00007ff9e4070000 - 0x00007ff9e4099000 	C:\WINDOWS\System32\GDI32.dll
0x00007ff9e2420000 - 0x00007ff9e2539000 	C:\WINDOWS\System32\gdi32full.dll
0x00007ff9e1ca0000 - 0x00007ff9e1d3a000 	C:\WINDOWS\System32\msvcp_win.dll
0x00007ff9e2970000 - 0x00007ff9e29a1000 	C:\WINDOWS\System32\IMM32.DLL
0x00007ff9da7e0000 - 0x00007ff9da7ec000 	E:\Android Studio\jbr\bin\vcruntime140_1.dll
0x00007ff9c07a0000 - 0x00007ff9c082d000 	E:\Android Studio\jbr\bin\msvcp140.dll
0x00007ff953360000 - 0x00007ff953fce000 	E:\Android Studio\jbr\bin\server\jvm.dll
0x00007ff9e26d0000 - 0x00007ff9e2782000 	C:\WINDOWS\System32\ADVAPI32.dll
0x00007ff9e3fc0000 - 0x00007ff9e4069000 	C:\WINDOWS\System32\sechost.dll
0x00007ff9e23f0000 - 0x00007ff9e2418000 	C:\WINDOWS\System32\bcrypt.dll
0x00007ff9e2840000 - 0x00007ff9e2954000 	C:\WINDOWS\System32\RPCRT4.dll
0x00007ff966f00000 - 0x00007ff966f09000 	C:\WINDOWS\SYSTEM32\WSOCK32.dll
0x00007ff9db9f0000 - 0x00007ff9dba24000 	C:\WINDOWS\SYSTEM32\WINMM.dll
0x00007ff9d8630000 - 0x00007ff9d863a000 	C:\WINDOWS\SYSTEM32\VERSION.dll
0x00007ff9e38c0000 - 0x00007ff9e3931000 	C:\WINDOWS\System32\WS2_32.dll
0x00007ff9e0b80000 - 0x00007ff9e0b98000 	C:\WINDOWS\SYSTEM32\kernel.appcore.dll
0x00007ff9d78d0000 - 0x00007ff9d78da000 	E:\Android Studio\jbr\bin\jimage.dll
0x00007ff9df6e0000 - 0x00007ff9df912000 	C:\WINDOWS\SYSTEM32\DBGHELP.DLL
0x00007ff9e29b0000 - 0x00007ff9e2d3e000 	C:\WINDOWS\System32\combase.dll
0x00007ff9e2f00000 - 0x00007ff9e2fd7000 	C:\WINDOWS\System32\OLEAUT32.dll
0x00007ff9cbc20000 - 0x00007ff9cbc52000 	C:\WINDOWS\SYSTEM32\dbgcore.DLL
0x00007ff9e1b60000 - 0x00007ff9e1bdb000 	C:\WINDOWS\System32\bcryptPrimitives.dll
0x00007ff9cbf70000 - 0x00007ff9cbf95000 	E:\Android Studio\jbr\bin\java.dll
0x00007ff9d2360000 - 0x00007ff9d2378000 	E:\Android Studio\jbr\bin\zip.dll
0x00007ff9e2fe0000 - 0x00007ff9e3847000 	C:\WINDOWS\System32\SHELL32.dll
0x00007ff9dfab0000 - 0x00007ff9e03af000 	C:\WINDOWS\SYSTEM32\windows.storage.dll
0x00007ff9df970000 - 0x00007ff9dfaaf000 	C:\WINDOWS\SYSTEM32\wintypes.dll
0x00007ff9e25d0000 - 0x00007ff9e26c9000 	C:\WINDOWS\System32\SHCORE.dll
0x00007ff9e4770000 - 0x00007ff9e47ce000 	C:\WINDOWS\System32\shlwapi.dll
0x00007ff9e1a60000 - 0x00007ff9e1a87000 	C:\WINDOWS\SYSTEM32\profapi.dll
0x00007ff9ca7f0000 - 0x00007ff9ca809000 	E:\Android Studio\jbr\bin\net.dll
0x00007ff9dc3a0000 - 0x00007ff9dc4d6000 	C:\WINDOWS\SYSTEM32\WINHTTP.dll
0x00007ff9e0ff0000 - 0x00007ff9e1059000 	C:\WINDOWS\system32\mswsock.dll
0x00007ff9bdce0000 - 0x00007ff9bdcf6000 	E:\Android Studio\jbr\bin\nio.dll
0x00007ff9d78c0000 - 0x00007ff9d78d0000 	E:\Android Studio\jbr\bin\verify.dll

dbghelp: loaded successfully - version: 4.0.5 - missing functions: none
symbol engine: initialized successfully - sym options: 0x614 - pdb path: .;E:\Android Studio\jbr\bin;C:\WINDOWS\SYSTEM32;C:\WINDOWS\WinSxS\amd64_microsoft.windows.common-controls_6595b64144ccf1df_6.0.22621.3672_none_2713b9d173822955;E:\Android Studio\jbr\bin\server

VM Arguments:
java_command: org.jetbrains.kotlin.cli.jvm.K2JVMCompiler @D:\SEMESTER 7\Advance Native Mobile Programming\StudentProject\app\build\20240919_4486166734502404192.compiler.options
java_class_path (initial): C:\Users\LATANSA TAHSYA\.gradle\caches\modules-2\files-2.1\org.jetbrains.kotlin\kotlin-compiler-embeddable\1.9.0\2c8c3a7402becca891f12739b3e9fd2dc2adbd7a\kotlin-compiler-embeddable-1.9.0.jar;C:\Users\LATANSA TAHSYA\.gradle\caches\modules-2\files-2.1\org.jetbrains.kotlin\kotlin-stdlib\1.9.0\8ee15ef0c67dc83d874f412d84378d7f0eb50b63\kotlin-stdlib-1.9.0.jar;C:\Users\LATANSA TAHSYA\.gradle\caches\modules-2\files-2.1\org.jetbrains.kotlin\kotlin-script-runtime\1.9.0\4b3102cbbb7e1b58d9d1adf89563f00069ffa7d1\kotlin-script-runtime-1.9.0.jar;C:\Users\LATANSA TAHSYA\.gradle\caches\modules-2\files-2.1\org.jetbrains.kotlin\kotlin-reflect\1.6.10\1cbe9c92c12a94eea200d23c2bbaedaf3daf5132\kotlin-reflect-1.6.10.jar;C:\Users\LATANSA TAHSYA\.gradle\caches\modules-2\files-2.1\org.jetbrains.kotlin\kotlin-daemon-embeddable\1.9.0\186543f5e28cf8d9a0290fecc2cf34301c40a65c\kotlin-daemon-embeddable-1.9.0.jar;C:\Users\LATANSA TAHSYA\.gradle\caches\modules-2\files-2.1\org.jetbrains.intellij.deps\trove4j\1.0.20200330\3afb14d5f9ceb459d724e907a21145e8ff394f02\trove4j-1.0.20200330.jar;C:\Users\LATANSA TAHSYA\.gradle\caches\modules-2\files-2.1\org.jetbrains.kotlin\kotlin-stdlib-common\1.9.0\cd65c21cfd1eec4d44ef09f9f52b6d9f8a720636\kotlin-stdlib-common-1.9.0.jar;C:\Users\LATANSA TAHSYA\.gradle\caches\modules-2\files-2.1\org.jetbrains\annotations\13.0\919f0dfe192fb4e063e7dacadee7f8bb9a2672a9\annotations-13.0.jar
Launcher Type: SUN_STANDARD

[Global flags]
     intx CICompilerCount                          = 4                                         {product} {ergonomic}
     uint ConcGCThreads                            = 2                                         {product} {ergonomic}
     uint G1ConcRefinementThreads                  = 8                                         {product} {ergonomic}
   size_t G1HeapRegionSize                         = 1048576                                   {product} {ergonomic}
    uintx GCDrainStackTargetSize                   = 64                                        {product} {ergonomic}
   size_t InitialHeapSize                          = 98566144                                  {product} {ergonomic}
   size_t MarkStackSize                            = 4194304                                   {product} {ergonomic}
   size_t MaxHeapSize                              = 1574961152                                {product} {ergonomic}
   size_t MaxNewSize                               = 944766976                                 {product} {ergonomic}
   size_t MinHeapDeltaBytes                        = 1048576                                   {product} {ergonomic}
   size_t MinHeapSize                              = 8388608                                   {product} {ergonomic}
    uintx NonNMethodCodeHeapSize                   = 5839372                                {pd product} {ergonomic}
    uintx NonProfiledCodeHeapSize                  = 122909434                              {pd product} {ergonomic}
    uintx ProfiledCodeHeapSize                     = 122909434                              {pd product} {ergonomic}
    uintx ReservedCodeCacheSize                    = 251658240                              {pd product} {ergonomic}
     bool SegmentedCodeCache                       = true                                      {product} {ergonomic}
   size_t SoftMaxHeapSize                          = 1574961152                             {manageable} {ergonomic}
     bool UseCompressedClassPointers               = true                           {product lp64_product} {ergonomic}
     bool UseCompressedOops                        = true                           {product lp64_product} {ergonomic}
     bool UseG1GC                                  = true                                      {product} {ergonomic}
     bool UseLargePagesIndividualAllocation        = false                                  {pd product} {ergonomic}

Logging:
Log output configuration:
 #0: stdout all=warning uptime,level,tags
 #1: stderr all=off uptime,level,tags

Environment Variables:
PATH=C:\Program Files (x86)\Common Files\Intel\Shared Libraries\redist\intel64\compiler;C:\Program Files\Common Files\Oracle\Java\javapath;C:\Program Files (x86)\Common Files\Oracle\Java\javapath;C:\WINDOWS\system32;C:\WINDOWS;C:\WINDOWS\System32\Wbem;C:\WINDOWS\System32\WindowsPowerShell\v1.0\;C:\WINDOWS\System32\OpenSSH\;C:\Program Files\Microsoft SQL Server\130\Tools\Binn\;C:\Program Files\PuTTY\;C:\Program Files\dotnet\;C:\WINDOWS\system32;C:\WINDOWS;C:\WINDOWS\System32\Wbem;C:\WINDOWS\System32\WindowsPowerShell\v1.0\;C:\WINDOWS\System32\OpenSSH\;E:\NodeJS\;C:\xampp\php;C:\composer;C:\Program Files\Git\cmd;C:\Users\LATANSA TAHSYA\AppData\Local\Programs\Python\Python311\Scripts\;C:\Users\LATANSA TAHSYA\AppData\Local\Programs\Python\Python311\;C:\Program Files\MySQL\MySQL Shell 8.0\bin\;C:\Users\LATANSA TAHSYA\AppData\Local\Microsoft\WindowsApps;C:\Users\LATANSA TAHSYA\.dotnet\tools;E:\Microsoft VS Code\Microsoft VS Code\bin;C:\Program Files (x86)\Nmap;C:\Users\LATANSA TAHSYA\AppData\Roaming\npm;C:\Users\LATANSA TAHSYA\AppData\Roaming\Composer\vendor\bin
USERNAME=LATANSA TAHSYA
OS=Windows_NT
PROCESSOR_IDENTIFIER=AMD64 Family 23 Model 104 Stepping 1, AuthenticAMD
TMP=C:\Users\LATANS~1\AppData\Local\Temp
TEMP=C:\Users\LATANS~1\AppData\Local\Temp


JNI global refs:
JNI global refs: 11, weak refs: 20

JNI global refs memory usage: 843, weak refs: 841


---------------  S Y S T E M  ---------------

OS:
 Windows 11 , 64 bit Build 22621 (10.0.22621.3958)
OS uptime: 0 days 8:31 hours

CPU: total 8 (initial active 8) (8 cores per cpu, 2 threads per core) family 23 model 104 stepping 1 microcode 0x0, cx8, cmov, fxsr, ht, mmx, 3dnowpref, sse, sse2, sse3, ssse3, sse4a, sse4.1, sse4.2, popcnt, lzcnt, tsc, tscinvbit, avx, avx2, aes, clmul, bmi1, bmi2, adx, sha, fma, vzeroupper, clflush, clflushopt

Memory: 4k page, system-wide physical 6005M (818M free)
TotalPageFile size 23411M (AvailPageFile size 4M)
current process WorkingSet (physical memory assigned to process): 205M, peak: 205M
current process commit charge ("private bytes"): 245M, peak: 246M

vm_info: OpenJDK 64-Bit Server VM (17.0.6+0-b2043.56-10027231) for windows-amd64 JRE (17.0.6+0-b2043.56-10027231), built on Apr 28 2023 00:43:19 by "androidbuild" with MS VC++ 16.10 / 16.11 (VS2019)

END.
